Loading word data...
Opening file with word IDs: rahlfs_words.csv
Successfully opened rahlfs_words.csv
Finished reading rahlfs_words.csv (623693 rows, 623693 word IDs loaded)
Loaded 623693 word IDs from Rahlfs
Opening file with word IDs: swete_words.csv
Successfully opened swete_words.csv
Finished reading swete_words.csv (609522 rows, 609522 word IDs loaded)
Loaded 609522 word IDs from Swete
Deriving normalized word sets...
Derived 45224 unique words from Rahlfs
Derived 46292 unique words from Swete
Opening accepted words file: accepted_words.txt
Successfully opened accepted_words.txt
Finished reading accepted_words.txt (65 lines, 57 words loaded)
Loaded 57 accepted words
Opening already examined file: word_changes.tsv
Successfully opened word_changes.tsv
Finished reading word_changes.tsv (19 rows, 19 word changes loaded)
Loaded 19 already examined word changes
Loading versification for verse-specific typo checking...
Opening versification file: rahlfs_versification.csv
Successfully opened rahlfs_versification.csv
Finished reading rahlfs_versification.csv (30637 rows, 30637 verses loaded)
Sorting verses from rahlfs_versification.csv...
Finished sorting 30637 verses
Loaded 30637 verses from Rahlfs versification
Opening versification file: swete_versification.csv
Successfully opened swete_versification.csv
Finished reading swete_versification.csv (30533 rows, 30533 verses loaded)
Sorting verses from swete_versification.csv...
Finished sorting 30533 verses
Loaded 30533 verses from Swete versification
Processing Bible file...
Opening Bible file for reading: Brenton.tex
Successfully opened Brenton.tex
Found book: ΓΕΝΕΣΙΣ
  Checked 100 words, found 43 potential typos so far... (Current: ΓΕΝΕΣΙΣ 36:4)
Found book: ΕΞΟΔΟΣ
  Checked 200 words, found 113 potential typos so far... (Current: ΕΞΟΔΟΣ 25:23)
Found book: ΛΕΥΙΤΙΚΟΝ
  Checked 300 words, found 171 potential typos so far... (Current: ΛΕΥΙΤΙΚΟΝ 16:27)
Found book: ΑΡΙΘΜΟΙ
  Checked 400 words, found 236 potential typos so far... (Current: ΑΡΙΘΜΟΙ 16:1)
  Checked 500 words, found 289 potential typos so far... (Current: ΑΡΙΘΜΟΙ 35:26)
Found book: ΔΕΥΤΕΡΟΝΟΜΙΟΝ
  Checked 600 words, found 360 potential typos so far... (Current: ΔΕΥΤΕΡΟΝΟΜΙΟΝ 24:3)
Found book: ΙΗΣΟΥΣ ΝΑΥΗ
  Checked 700 words, found 432 potential typos so far... (Current: ΙΗΣΟΥΣ ΝΑΥΗ 13:6)
  Checked 800 words, found 492 potential typos so far... (Current: ΙΗΣΟΥΣ ΝΑΥΗ 23:15)
Found book: ΚΡΙΤΑΙ
Found book: ΡΟΥΘ
  Checked 900 words, found 546 potential typos so far... (Current: ΡΟΥΘ 2:14)
Found book: ΒΑΣΙΛΕΙΩΝ Α
  Checked 1000 words, found 584 potential typos so far... (Current: ΒΑΣΙΛΕΙΩΝ Α 21:3)
Found book: ΒΑΣΙΛΕΙΩΝ Β
  Checked 1100 words, found 646 potential typos so far... (Current: ΒΑΣΙΛΕΙΩΝ Β 14:15)
Found book: ΒΑΣΙΛΕΙΩΝ Γ
  Checked 1200 words, found 707 potential typos so far... (Current: ΒΑΣΙΛΕΙΩΝ Γ 2:19)
  Checked 1300 words, found 768 potential typos so far... (Current: ΒΑΣΙΛΕΙΩΝ Γ 22:1)
Found book: ΒΑΣΙΛΕΙΩΝ Δ
  Checked 1400 words, found 831 potential typos so far... (Current: ΒΑΣΙΛΕΙΩΝ Δ 19:12)
Found book: ΠΑΡΑΛΕΙΠΟΜΕΝΩΝ Α
  Checked 1500 words, found 899 potential typos so far... (Current: ΠΑΡΑΛΕΙΠΟΜΕΝΩΝ Α 3:18)
  Checked 1600 words, found 974 potential typos so far... (Current: ΠΑΡΑΛΕΙΠΟΜΕΝΩΝ Α 7:39)
  Checked 1700 words, found 1049 potential typos so far... (Current: ΠΑΡΑΛΕΙΠΟΜΕΝΩΝ Α 13:13)
  Checked 1800 words, found 1128 potential typos so far... (Current: ΠΑΡΑΛΕΙΠΟΜΕΝΩΝ Α 25:10)
Found book: ΠΑΡΑΛΕΙΠΟΜΕΝΩΝ Β
  Checked 1900 words, found 1204 potential typos so far... (Current: ΠΑΡΑΛΕΙΠΟΜΕΝΩΝ Β 13:21)
Found book: ΕΣΔΡΑΣ
  Checked 2000 words, found 1270 potential typos so far... (Current: ΕΣΔΡΑΣ 2:8)
  Checked 2100 words, found 1327 potential typos so far... (Current: ΕΣΔΡΑΣ 8:4)
Found book: ΝΕΕΜΙΑΣ
  Checked 2200 words, found 1402 potential typos so far... (Current: ΝΕΕΜΙΑΣ 7:7)
  Checked 2300 words, found 1453 potential typos so far... (Current: ΝΕΕΜΙΑΣ 11:13)
Found book: ΕΣΘΗΡ
Found book: ΙΩΒ
  Checked 2400 words, found 1523 potential typos so far... (Current: ΙΩΒ 15:1)
Found book: ΨΑΛΜΟΙ
  Checked 2500 words, found 1595 potential typos so far... (Current: ΨΑΛΜΟΙ 36:24)
  Checked 2600 words, found 1639 potential typos so far... (Current: ΨΑΛΜΟΙ 105:34)
Found book: ΠΑΡΟΙΜΙΑΙ ΣΑΛΩΜΩΝΤΟΣ
Found book: ΕΚΚΛΗΣΙΑΣΤΗΣ
  Checked 2700 words, found 1707 potential typos so far... (Current: ΕΚΚΛΗΣΙΑΣΤΗΣ 11:8)
Found book: ΑΣΜΑ
Found book: ΗΣΑΙΑΣ
  Checked 2800 words, found 1759 potential typos so far... (Current: ΗΣΑΙΑΣ 30:16)
Found book: ΙΕΡΕΜΙΑΣ
  Checked 2900 words, found 1803 potential typos so far... (Current: ΙΕΡΕΜΙΑΣ 7:9)
  Checked 3000 words, found 1852 potential typos so far... (Current: ΙΕΡΕΜΙΑΣ 31:36)
Found book: ΘΡΗΝΟΙ ΙΕΡΕΜΙΟΥ
Found book: ΙΕΖΕΚΙΗΛ
  Checked 3100 words, found 1911 potential typos so far... (Current: ΙΕΖΕΚΙΗΛ 5:7)
  Checked 3200 words, found 1951 potential typos so far... (Current: ΙΕΖΕΚΙΗΛ 27:5)
  Checked 3300 words, found 1987 potential typos so far... (Current: ΙΕΖΕΚΙΗΛ 47:16)
Found book: ΔΑΝΙΗΛ
Found book: ΩΣΗΕ
Found book: ΙΩΗΛ
Found book: ΑΜΩΣ
  Checked 3400 words, found 2049 potential typos so far... (Current: ΑΜΩΣ 5:11)
Found book: ΟΒΔΕΙΟΥ
Found book: ΙΩΝΑΣ
Found book: ΜΙΧΑΙΑΣ
Found book: ΝΑΟΥΜ
Found book: ΑΜΒΑΚΟΥΜ
Found book: ΣΟΦΟΝΙΑΣ
Found book: ΑΓΓΑΙΟΣ
Found book: ΖΑΧΑΡΙΑΣ
Found book: ΜΑΛΑΧΙΑΣ
  Checked 3500 words, found 2100 potential typos so far... (Current: ΜΑΛΑΧΙΑΣ 3:18)
Found book: ΕΣΔΡΑΣ Α
  Checked 3600 words, found 2150 potential typos so far... (Current: ΕΣΔΡΑΣ Α 5:44)
Found book: ΤΩΒΙΤ
Found book: ΙΟΥΔΙΘ
  Checked 3700 words, found 2233 potential typos so far... (Current: ΙΟΥΔΙΘ 1:9)
Found book: ΣΟΦΙΑ ΣΑΛΩΜΩΝ
Found book: ΣΟΦΙΑ ΣΕΙΡΑΧ
  Checked 3800 words, found 2316 potential typos so far... (Current: ΣΟΦΙΑ ΣΕΙΡΑΧ 3:24)
Found book: ΒΑΡΟΥΧ
  Checked 3900 words, found 2389 potential typos so far... (Current: ΒΑΡΟΥΧ 3:23)
Found book: ΕΠΙΣΤΟΛΗ ΙΕΡΕΜΙΟΥ
Found book: ΣΩΣΑΝΝΑ
Found book: ΒΗΛ ΚΑΙ ΔΡΑΚΩΝ
Found book: ΜΑΚΚΑΒΑΙΩΝ Α
  Checked 4000 words, found 2456 potential typos so far... (Current: ΜΑΚΚΑΒΑΙΩΝ Α 9:66)
Found book: ΜΑΚΚΑΒΑΙΩΝ Β
  Checked 4100 words, found 2532 potential typos so far... (Current: ΜΑΚΚΑΒΑΙΩΝ Β 4:22)
  Checked 4200 words, found 2608 potential typos so far... (Current: ΜΑΚΚΑΒΑΙΩΝ Β 14:33)
Found book: ΜΑΚΚΑΒΑΙΩΝ Γ
Found book: ΜΑΚΚΑΒΑΙΩΝ Δ
  Checked 4300 words, found 2683 potential typos so far... (Current: ΜΑΚΚΑΒΑΙΩΝ Δ 1:1)
  Checked 4400 words, found 2763 potential typos so far... (Current: ΜΑΚΚΑΒΑΙΩΝ Δ 12:20)
Found book: ΠΡΟΣΕΥΧΗ ΜΑΝΑΣΣΗ ΥΙΟΥ ΕΖΕΚΙΟΥ

Writing results to missing_words.tsv...
Opening file for writing: missing_words.tsv
Successfully opened missing_words.tsv for writing
Finished writing 4455 rows to missing_words.tsv
Writing full typo check results to missing_words_typo_check.tsv...
Opening file for writing: missing_words_typo_check.tsv
Successfully opened missing_words_typo_check.tsv for writing
Finished writing 4455 rows to missing_words_typo_check.tsv
Writing likely typos to missing_words_likely_typos.tsv...
Opening file for writing: missing_words_likely_typos.tsv
Successfully opened missing_words_likely_typos.tsv for writing
Finished writing 1700 rows to missing_words_likely_typos.tsv

Complete! Found 4455 missing words.
  - Likely proper names: 1512
  - Likely numbers: 325
  - Likely typos: 1700
    - Matched within verse: 1330
    - Matched within area (±2 verses): 49
    - Matched in broader corpus: 321
Results saved to: missing_words.tsv
Full typo check results saved to: missing_words_typo_check.tsv
Filtered typos saved to: missing_words_likely_typos.tsv
