Loading word data...
Opening file with word IDs: rahlfs_words.csv
Successfully opened rahlfs_words.csv
Finished reading rahlfs_words.csv (623693 rows, 623693 word IDs loaded)
Loaded 623693 word IDs from Rahlfs
Opening file with word IDs: swete_words.csv
Successfully opened swete_words.csv
Finished reading swete_words.csv (609522 rows, 609522 word IDs loaded)
Loaded 609522 word IDs from Swete
Deriving normalized word sets...
Derived 45224 unique words from Rahlfs
Derived 46292 unique words from Swete
Opening accepted words file: accepted_words.txt
Successfully opened accepted_words.txt
Finished reading accepted_words.txt (166 lines, 154 words loaded)
Loaded 154 accepted words
Opening already examined file: word_corrections.tsv
Successfully opened word_corrections.tsv
Finished reading word_corrections.tsv (70 rows, 70 word changes loaded)
Loaded 70 already examined word changes
Loading versification for verse-specific typo checking...
Opening versification file: rahlfs_versification.csv
Successfully opened rahlfs_versification.csv
Finished reading rahlfs_versification.csv (30637 rows, 30637 verses loaded)
Sorting verses from rahlfs_versification.csv...
Finished sorting 30637 verses
Loaded 30637 verses from Rahlfs versification
Opening versification file: swete_versification.csv
Successfully opened swete_versification.csv
Finished reading swete_versification.csv (30533 rows, 30533 verses loaded)
Sorting verses from swete_versification.csv...
Finished sorting 30533 verses
Loaded 30533 verses from Swete versification
Processing Bible file...
Opening Bible file for reading: Brenton.tex
Successfully opened Brenton.tex
Found book: ΓΕΝΕΣΙΣ
  Checked 100 words, found 29 potential typos so far... (Current: ΓΕΝΕΣΙΣ 36:4)
Found book: ΕΞΟΔΟΣ
Found book: ΛΕΥΙΤΙΚΟΝ
  Checked 200 words, found 58 potential typos so far... (Current: ΛΕΥΙΤΙΚΟΝ 6:13)
Found book: ΑΡΙΘΜΟΙ
  Checked 300 words, found 83 potential typos so far... (Current: ΑΡΙΘΜΟΙ 28:15)
Found book: ΔΕΥΤΕΡΟΝΟΜΙΟΝ
  Checked 400 words, found 124 potential typos so far... (Current: ΔΕΥΤΕΡΟΝΟΜΙΟΝ 9:12)
Found book: ΙΗΣΟΥΣ ΝΑΥΗ
  Checked 500 words, found 161 potential typos so far... (Current: ΙΗΣΟΥΣ ΝΑΥΗ 8:17)
  Checked 600 words, found 214 potential typos so far... (Current: ΙΗΣΟΥΣ ΝΑΥΗ 19:11)
Found book: ΚΡΙΤΑΙ
  Checked 700 words, found 251 potential typos so far... (Current: ΚΡΙΤΑΙ 16:14)
Found book: ΡΟΥΘ
Found book: ΒΑΣΙΛΕΙΩΝ Α
  Checked 800 words, found 276 potential typos so far... (Current: ΒΑΣΙΛΕΙΩΝ Α 15:23)
Found book: ΒΑΣΙΛΕΙΩΝ Β
  Checked 900 words, found 320 potential typos so far... (Current: ΒΑΣΙΛΕΙΩΝ Β 9:13)
  Checked 1000 words, found 358 potential typos so far... (Current: ΒΑΣΙΛΕΙΩΝ Β 24:3)
Found book: ΒΑΣΙΛΕΙΩΝ Γ
  Checked 1100 words, found 402 potential typos so far... (Current: ΒΑΣΙΛΕΙΩΝ Γ 19:8)
Found book: ΒΑΣΙΛΕΙΩΝ Δ
  Checked 1200 words, found 453 potential typos so far... (Current: ΒΑΣΙΛΕΙΩΝ Δ 18:34)
Found book: ΠΑΡΑΛΕΙΠΟΜΕΝΩΝ Α
  Checked 1300 words, found 509 potential typos so far... (Current: ΠΑΡΑΛΕΙΠΟΜΕΝΩΝ Α 3:7)
  Checked 1400 words, found 575 potential typos so far... (Current: ΠΑΡΑΛΕΙΠΟΜΕΝΩΝ Α 7:36)
  Checked 1500 words, found 638 potential typos so far... (Current: ΠΑΡΑΛΕΙΠΟΜΕΝΩΝ Α 12:29)
  Checked 1600 words, found 698 potential typos so far... (Current: ΠΑΡΑΛΕΙΠΟΜΕΝΩΝ Α 25:9)
Found book: ΠΑΡΑΛΕΙΠΟΜΕΝΩΝ Β
  Checked 1700 words, found 766 potential typos so far... (Current: ΠΑΡΑΛΕΙΠΟΜΕΝΩΝ Β 13:19)
Found book: ΕΣΔΡΑΣ
  Checked 1800 words, found 818 potential typos so far... (Current: ΕΣΔΡΑΣ 2:11)
  Checked 1900 words, found 871 potential typos so far... (Current: ΕΣΔΡΑΣ 8:14)
Found book: ΝΕΕΜΙΑΣ
  Checked 2000 words, found 928 potential typos so far... (Current: ΝΕΕΜΙΑΣ 7:19)
  Checked 2100 words, found 974 potential typos so far... (Current: ΝΕΕΜΙΑΣ 12:16)
Found book: ΕΣΘΗΡ
Found book: ΙΩΒ
  Checked 2200 words, found 1027 potential typos so far... (Current: ΙΩΒ 31:37)
Found book: ΨΑΛΜΟΙ
  Checked 2300 words, found 1064 potential typos so far... (Current: ΨΑΛΜΟΙ 50:14)
  Checked 2400 words, found 1103 potential typos so far... (Current: ΨΑΛΜΟΙ 142:8)
Found book: ΠΑΡΟΙΜΙΑΙ ΣΑΛΩΜΩΝΤΟΣ
Found book: ΕΚΚΛΗΣΙΑΣΤΗΣ
Found book: ΑΣΜΑ
Found book: ΗΣΑΙΑΣ
  Checked 2500 words, found 1147 potential typos so far... (Current: ΗΣΑΙΑΣ 11:11)
  Checked 2600 words, found 1175 potential typos so far... (Current: ΗΣΑΙΑΣ 57:16)
Found book: ΙΕΡΕΜΙΑΣ
  Checked 2700 words, found 1196 potential typos so far... (Current: ΙΕΡΕΜΙΑΣ 27:18)
Found book: ΘΡΗΝΟΙ ΙΕΡΕΜΙΟΥ
  Checked 2800 words, found 1226 potential typos so far... (Current: ΘΡΗΝΟΙ ΙΕΡΕΜΙΟΥ 1:18)
Found book: ΙΕΖΕΚΙΗΛ
  Checked 2900 words, found 1257 potential typos so far... (Current: ΙΕΖΕΚΙΗΛ 24:1)
  Checked 3000 words, found 1289 potential typos so far... (Current: ΙΕΖΕΚΙΗΛ 44:23)
Found book: ΔΑΝΙΗΛ
Found book: ΩΣΗΕ
Found book: ΙΩΗΛ
Found book: ΑΜΩΣ
  Checked 3100 words, found 1332 potential typos so far... (Current: ΑΜΩΣ 4:12)
Found book: ΟΒΔΕΙΟΥ
Found book: ΙΩΝΑΣ
Found book: ΜΙΧΑΙΑΣ
Found book: ΝΑΟΥΜ
Found book: ΑΜΒΑΚΟΥΜ
Found book: ΣΟΦΟΝΙΑΣ
Found book: ΑΓΓΑΙΟΣ
Found book: ΖΑΧΑΡΙΑΣ
Found book: ΜΑΛΑΧΙΑΣ
Found book: ΕΣΔΡΑΣ Α
  Checked 3200 words, found 1362 potential typos so far... (Current: ΕΣΔΡΑΣ Α 3:23)
  Checked 3300 words, found 1402 potential typos so far... (Current: ΕΣΔΡΑΣ Α 8:31)
Found book: ΤΩΒΙΤ
Found book: ΙΟΥΔΙΘ
  Checked 3400 words, found 1468 potential typos so far... (Current: ΙΟΥΔΙΘ 7:2)
Found book: ΣΟΦΙΑ ΣΑΛΩΜΩΝ
Found book: ΣΟΦΙΑ ΣΕΙΡΑΧ
  Checked 3500 words, found 1521 potential typos so far... (Current: ΣΟΦΙΑ ΣΕΙΡΑΧ 23:14)
Found book: ΒΑΡΟΥΧ
Found book: ΕΠΙΣΤΟΛΗ ΙΕΡΕΜΙΟΥ
Found book: ΣΩΣΑΝΝΑ
Found book: ΒΗΛ ΚΑΙ ΔΡΑΚΩΝ
Found book: ΜΑΚΚΑΒΑΙΩΝ Α
  Checked 3600 words, found 1573 potential typos so far... (Current: ΜΑΚΚΑΒΑΙΩΝ Α 2:2)
  Checked 3700 words, found 1633 potential typos so far... (Current: ΜΑΚΚΑΒΑΙΩΝ Α 14:33)
Found book: ΜΑΚΚΑΒΑΙΩΝ Β
  Checked 3800 words, found 1693 potential typos so far... (Current: ΜΑΚΚΑΒΑΙΩΝ Β 9:23)
Found book: ΜΑΚΚΑΒΑΙΩΝ Γ
  Checked 3900 words, found 1756 potential typos so far... (Current: ΜΑΚΚΑΒΑΙΩΝ Γ 3:28)
Found book: ΜΑΚΚΑΒΑΙΩΝ Δ
  Checked 4000 words, found 1820 potential typos so far... (Current: ΜΑΚΚΑΒΑΙΩΝ Δ 8:12)
Found book: ΠΡΟΣΕΥΧΗ ΜΑΝΑΣΣΗ ΥΙΟΥ ΕΖΕΚΙΟΥ

Writing results to missing_words.tsv...
Opening file for writing: missing_words.tsv
Successfully opened missing_words.tsv for writing
Finished writing 4099 rows to missing_words.tsv
Writing full typo check results to missing_words_typo_check.tsv...
Opening file for writing: missing_words_typo_check.tsv
Successfully opened missing_words_typo_check.tsv for writing
Finished writing 4099 rows to missing_words_typo_check.tsv
Writing likely typos to missing_words_likely_typos.tsv...
Opening file for writing: missing_words_likely_typos.tsv
Successfully opened missing_words_likely_typos.tsv for writing
Finished writing 1038 rows to missing_words_likely_typos.tsv
Writing legitimate variations to missing_words_legitimate_variations.tsv...
Opening file for writing: missing_words_legitimate_variations.tsv
Successfully opened missing_words_legitimate_variations.tsv for writing
Finished writing 618 rows to missing_words_legitimate_variations.tsv

Complete! Found 4099 missing words.
  - Likely proper names: 1463
  - Likely numbers: 325
  - Legitimate variations: 618
    - Found in verse: 602
    - Found in area (±2 verses): 16
  - Likely typos: 1038
    - Matched within verse: 770
    - Matched within area (±2 verses): 32
    - Matched in broader corpus: 236
Results saved to: missing_words.tsv
Full typo check results saved to: missing_words_typo_check.tsv
Filtered typos saved to: missing_words_likely_typos.tsv
Legitimate variations saved to: missing_words_legitimate_variations.tsv
