Loading word data...
Opening file with word IDs: rahlfs_words.csv
Successfully opened rahlfs_words.csv
Finished reading rahlfs_words.csv (623693 rows, 623693 word IDs loaded)
Loaded 623693 word IDs from Rahlfs
Opening file with word IDs: swete_words.csv
Successfully opened swete_words.csv
Finished reading swete_words.csv (609522 rows, 609522 word IDs loaded)
Loaded 609522 word IDs from Swete
Deriving normalized word sets...
Derived 45224 unique words from Rahlfs
Derived 46292 unique words from Swete
Opening accepted words file: accepted_words.txt
Successfully opened accepted_words.txt
Finished reading accepted_words.txt (702 lines, 682 words loaded)
Loaded 682 accepted words
Opening already examined file: word_corrections.tsv
Successfully opened word_corrections.tsv
Finished reading word_corrections.tsv (289 rows, 285 word changes loaded)
Loaded 285 already examined word changes
Loading versification for verse-specific typo checking...
Opening versification file: rahlfs_versification.csv
Successfully opened rahlfs_versification.csv
Finished reading rahlfs_versification.csv (30637 rows, 30637 verses loaded)
Sorting verses from rahlfs_versification.csv...
Finished sorting 30637 verses
Loaded 30637 verses from Rahlfs versification
Opening versification file: swete_versification.csv
Successfully opened swete_versification.csv
Finished reading swete_versification.csv (30533 rows, 30533 verses loaded)
Sorting verses from swete_versification.csv...
Finished sorting 30533 verses
Loaded 30533 verses from Swete versification
Processing Bible file...
Opening Bible file for reading: Brenton.tex
Successfully opened Brenton.tex
Found book: ΓΕΝΕΣΙΣ
Found book: ΕΞΟΔΟΣ
Found book: ΛΕΥΙΤΙΚΟΝ
  Checked 100 words, found 5 potential typos so far... (Current: ΛΕΥΙΤΙΚΟΝ 6:13)
Found book: ΑΡΙΘΜΟΙ
Found book: ΔΕΥΤΕΡΟΝΟΜΙΟΝ
  Checked 200 words, found 9 potential typos so far... (Current: ΔΕΥΤΕΡΟΝΟΜΙΟΝ 3:1)
Found book: ΙΗΣΟΥΣ ΝΑΥΗ
  Checked 300 words, found 11 potential typos so far... (Current: ΙΗΣΟΥΣ ΝΑΥΗ 15:32)
Found book: ΚΡΙΤΑΙ
Found book: ΡΟΥΘ
  Checked 400 words, found 11 potential typos so far... (Current: ΡΟΥΘ 2:11)
Found book: ΒΑΣΙΛΕΙΩΝ Α
Found book: ΒΑΣΙΛΕΙΩΝ Β
  Checked 500 words, found 12 potential typos so far... (Current: ΒΑΣΙΛΕΙΩΝ Β 19:1)
Found book: ΒΑΣΙΛΕΙΩΝ Γ
Found book: ΒΑΣΙΛΕΙΩΝ Δ
  Checked 600 words, found 14 potential typos so far... (Current: ΒΑΣΙΛΕΙΩΝ Δ 14:7)
Found book: ΠΑΡΑΛΕΙΠΟΜΕΝΩΝ Α
  Checked 700 words, found 16 potential typos so far... (Current: ΠΑΡΑΛΕΙΠΟΜΕΝΩΝ Α 16:6)
Found book: ΠΑΡΑΛΕΙΠΟΜΕΝΩΝ Β
  Checked 800 words, found 36 potential typos so far... (Current: ΠΑΡΑΛΕΙΠΟΜΕΝΩΝ Β 13:2)
Found book: ΕΣΔΡΑΣ
  Checked 900 words, found 92 potential typos so far... (Current: ΕΣΔΡΑΣ 2:12)
  Checked 1000 words, found 145 potential typos so far... (Current: ΕΣΔΡΑΣ 8:17)
Found book: ΝΕΕΜΙΑΣ
  Checked 1100 words, found 208 potential typos so far... (Current: ΝΕΕΜΙΑΣ 7:22)
  Checked 1200 words, found 257 potential typos so far... (Current: ΝΕΕΜΙΑΣ 12:19)
Found book: ΕΣΘΗΡ
Found book: ΙΩΒ
  Checked 1300 words, found 308 potential typos so far... (Current: ΙΩΒ 39:17)
Found book: ΨΑΛΜΟΙ
  Checked 1400 words, found 352 potential typos so far... (Current: ΨΑΛΜΟΙ 83:6)
Found book: ΠΑΡΟΙΜΙΑΙ ΣΑΛΩΜΩΝΤΟΣ
  Checked 1500 words, found 396 potential typos so far... (Current: ΠΑΡΟΙΜΙΑΙ ΣΑΛΩΜΩΝΤΟΣ 24:14)
Found book: ΕΚΚΛΗΣΙΑΣΤΗΣ
Found book: ΑΣΜΑ
Found book: ΗΣΑΙΑΣ
  Checked 1600 words, found 439 potential typos so far... (Current: ΗΣΑΙΑΣ 30:12)
Found book: ΙΕΡΕΜΙΑΣ
  Checked 1700 words, found 469 potential typos so far... (Current: ΙΕΡΕΜΙΑΣ 11:16)
  Checked 1800 words, found 494 potential typos so far... (Current: ΙΕΡΕΜΙΑΣ 40:11)
Found book: ΘΡΗΝΟΙ ΙΕΡΕΜΙΟΥ
Found book: ΙΕΖΕΚΙΗΛ
  Checked 1900 words, found 520 potential typos so far... (Current: ΙΕΖΕΚΙΗΛ 16:37)
  Checked 2000 words, found 550 potential typos so far... (Current: ΙΕΖΕΚΙΗΛ 38:14)
Found book: ΔΑΝΙΗΛ
  Checked 2100 words, found 589 potential typos so far... (Current: ΔΑΝΙΗΛ 11:24)
Found book: ΩΣΗΕ
Found book: ΙΩΗΛ
Found book: ΑΜΩΣ
Found book: ΟΒΔΕΙΟΥ
Found book: ΙΩΝΑΣ
Found book: ΜΙΧΑΙΑΣ
Found book: ΝΑΟΥΜ
Found book: ΑΜΒΑΚΟΥΜ
Found book: ΣΟΦΟΝΙΑΣ
Found book: ΑΓΓΑΙΟΣ
Found book: ΖΑΧΑΡΙΑΣ
  Checked 2200 words, found 623 potential typos so far... (Current: ΖΑΧΑΡΙΑΣ 9:4)
Found book: ΜΑΛΑΧΙΑΣ
Found book: ΕΣΔΡΑΣ Α
  Checked 2300 words, found 657 potential typos so far... (Current: ΕΣΔΡΑΣ Α 5:34)
Found book: ΤΩΒΙΤ
Found book: ΙΟΥΔΙΘ
  Checked 2400 words, found 719 potential typos so far... (Current: ΙΟΥΔΙΘ 1:6)
Found book: ΣΟΦΙΑ ΣΑΛΩΜΩΝ
Found book: ΣΟΦΙΑ ΣΕΙΡΑΧ
  Checked 2500 words, found 764 potential typos so far... (Current: ΣΟΦΙΑ ΣΕΙΡΑΧ 12:2)
Found book: ΒΑΡΟΥΧ
Found book: ΕΠΙΣΤΟΛΗ ΙΕΡΕΜΙΟΥ
Found book: ΣΩΣΑΝΝΑ
  Checked 2600 words, found 814 potential typos so far... (Current: ΣΩΣΑΝΝΑ 1:14)
Found book: ΒΗΛ ΚΑΙ ΔΡΑΚΩΝ
Found book: ΜΑΚΚΑΒΑΙΩΝ Α
  Checked 2700 words, found 869 potential typos so far... (Current: ΜΑΚΚΑΒΑΙΩΝ Α 12:19)
Found book: ΜΑΚΚΑΒΑΙΩΝ Β
  Checked 2800 words, found 933 potential typos so far... (Current: ΜΑΚΚΑΒΑΙΩΝ Β 8:9)
Found book: ΜΑΚΚΑΒΑΙΩΝ Γ
  Checked 2900 words, found 1001 potential typos so far... (Current: ΜΑΚΚΑΒΑΙΩΝ Γ 2:27)
Found book: ΜΑΚΚΑΒΑΙΩΝ Δ
  Checked 3000 words, found 1074 potential typos so far... (Current: ΜΑΚΚΑΒΑΙΩΝ Δ 6:14)
Found book: ΠΡΟΣΕΥΧΗ ΜΑΝΑΣΣΗ ΥΙΟΥ ΕΖΕΚΙΟΥ

Writing results to missing_words.tsv...
Opening file for writing: missing_words.tsv
Successfully opened missing_words.tsv for writing
Finished writing 3099 rows to missing_words.tsv
Writing full typo check results to missing_words_typo_check.tsv...
Opening file for writing: missing_words_typo_check.tsv
Successfully opened missing_words_typo_check.tsv for writing
Finished writing 3099 rows to missing_words_typo_check.tsv
Writing likely typos to missing_words_likely_typos.tsv...
Opening file for writing: missing_words_likely_typos.tsv
Successfully opened missing_words_likely_typos.tsv for writing
Finished writing 1131 rows to missing_words_likely_typos.tsv
Writing legitimate variations to missing_words_legitimate_variations.tsv...
Opening file for writing: missing_words_legitimate_variations.tsv
Successfully opened missing_words_legitimate_variations.tsv for writing
Finished writing 1796 rows to missing_words_legitimate_variations.tsv

Complete! Found 3099 missing words.
  - Likely proper names: 850
  - Likely numbers: 325
  - Legitimate variations: 1796
    - Found in verse: 1753
    - Found in area (±20 verses): 43
  - Likely typos: 1131
    - Matched within verse: 881
    - Matched within area (±20 verses): 85
    - Matched in broader corpus: 165
Results saved to: missing_words.tsv
Full typo check results saved to: missing_words_typo_check.tsv
Filtered typos saved to: missing_words_likely_typos.tsv
Legitimate variations saved to: missing_words_legitimate_variations.tsv
