Loading word data...
Opening file with word IDs: rahlfs_words.csv
Successfully opened rahlfs_words.csv
Finished reading rahlfs_words.csv (623693 rows, 623693 word IDs loaded)
Loaded 623693 word IDs from Rahlfs
Opening file with word IDs: swete_words.csv
Successfully opened swete_words.csv
Finished reading swete_words.csv (609522 rows, 609522 word IDs loaded)
Loaded 609522 word IDs from Swete
Deriving normalized word sets...
Derived 45224 unique words from Rahlfs
Derived 46292 unique words from Swete
Opening accepted words file: accepted_words.txt
Successfully opened accepted_words.txt
Finished reading accepted_words.txt (17 lines, 11 words loaded)
Loaded 11 accepted words
Loading versification for verse-specific typo checking...
Opening versification file: rahlfs_versification.csv
Successfully opened rahlfs_versification.csv
Finished reading rahlfs_versification.csv (30637 rows, 30637 verses loaded)
Sorting verses from rahlfs_versification.csv...
Finished sorting 30637 verses
Loaded 30637 verses from Rahlfs versification
Opening versification file: swete_versification.csv
Successfully opened swete_versification.csv
Finished reading swete_versification.csv (30533 rows, 30533 verses loaded)
Sorting verses from swete_versification.csv...
Finished sorting 30533 verses
Loaded 30533 verses from Swete versification
Processing Bible file...
Opening Bible file for reading: Brenton.tex
Successfully opened Brenton.tex
Found book: ΓΕΝΕΣΙΣ
Traceback (most recent call last):
  File "/Users/jesse.orloff/Library/Mobile Documents/com~apple~CloudDocs/Documents/Code/brenton-lxx-error-finder/check_missing_words.py", line 696, in <module>
    main()
  File "/Users/jesse.orloff/Library/Mobile Documents/com~apple~CloudDocs/Documents/Code/brenton-lxx-error-finder/check_missing_words.py", line 692, in main
    process_bible_file(bible_path, output_path, check_typos)
  File "/Users/jesse.orloff/Library/Mobile Documents/com~apple~CloudDocs/Documents/Code/brenton-lxx-error-finder/check_missing_words.py", line 500, in process_bible_file
    is_typo, closest_match, similarity, verse_match, area_match = is_likely_typo(
                                                                  ^^^^^^^^^^^^^^^
  File "/Users/jesse.orloff/Library/Mobile Documents/com~apple~CloudDocs/Documents/Code/brenton-lxx-error-finder/check_missing_words.py", line 367, in is_likely_typo
    closest_r, ratio_r = find_closest_word(word, RAHLFS_WORDS)
                         ^^^^^^^^^^^^^^^^^^^^^^^^^^^^^^^^^^^^^
  File "/Users/jesse.orloff/Library/Mobile Documents/com~apple~CloudDocs/Documents/Code/brenton-lxx-error-finder/check_missing_words.py", line 211, in find_closest_word
    best_match_normalized, best_ratio = find_best_match(word_dict, normalized_with_nu, best_ratio)            
                                        ^^^^^^^^^^^^^^^^^^^^^^^^^^^^^^^^^^^^^^^^^^^^^^^^^^^^^^^^^^
  File "/Users/jesse.orloff/Library/Mobile Documents/com~apple~CloudDocs/Documents/Code/brenton-lxx-error-finder/check_missing_words.py", line 234, in find_best_match
    return best_match_normalized,current_best_ratio
           ^^^^^^^^^^^^^^^^^^^^^
UnboundLocalError: cannot access local variable 'best_match_normalized' where it is not associated with a value
