Loading word data...
Opening file with word IDs: rahlfs_words.csv
Successfully opened rahlfs_words.csv
Finished reading rahlfs_words.csv (623693 rows, 623693 word IDs loaded)
Loaded 623693 word IDs from Rahlfs
Opening file with word IDs: swete_words.csv
Successfully opened swete_words.csv
Finished reading swete_words.csv (609522 rows, 609522 word IDs loaded)
Loaded 609522 word IDs from Swete
Deriving normalized word sets...
Derived 45224 unique words from Rahlfs
Derived 46292 unique words from Swete
Opening accepted words file: accepted_words.txt
Successfully opened accepted_words.txt
Finished reading accepted_words.txt (326 lines, 317 words loaded)
Loaded 317 accepted words
Opening already examined file: word_corrections.tsv
Successfully opened word_corrections.tsv
Finished reading word_corrections.tsv (172 rows, 169 word changes loaded)
Loaded 169 already examined word changes
Loading versification for verse-specific typo checking...
Opening versification file: rahlfs_versification.csv
Successfully opened rahlfs_versification.csv
Finished reading rahlfs_versification.csv (30637 rows, 30637 verses loaded)
Sorting verses from rahlfs_versification.csv...
Finished sorting 30637 verses
Loaded 30637 verses from Rahlfs versification
Opening versification file: swete_versification.csv
Successfully opened swete_versification.csv
Finished reading swete_versification.csv (30533 rows, 30533 verses loaded)
Sorting verses from swete_versification.csv...
Finished sorting 30533 verses
Loaded 30533 verses from Swete versification
Processing Bible file...
Opening Bible file for reading: Brenton.tex
Successfully opened Brenton.tex
Found book: ΓΕΝΕΣΙΣ
Found book: ΕΞΟΔΟΣ
  Checked 100 words, found 4 potential typos so far... (Current: ΕΞΟΔΟΣ 27:20)
Found book: ΛΕΥΙΤΙΚΟΝ
Found book: ΑΡΙΘΜΟΙ
  Checked 200 words, found 6 potential typos so far... (Current: ΑΡΙΘΜΟΙ 29:31)
Found book: ΔΕΥΤΕΡΟΝΟΜΙΟΝ
Found book: ΙΗΣΟΥΣ ΝΑΥΗ
  Checked 300 words, found 11 potential typos so far... (Current: ΙΗΣΟΥΣ ΝΑΥΗ 7:10)
Found book: ΚΡΙΤΑΙ
  Checked 400 words, found 17 potential typos so far... (Current: ΚΡΙΤΑΙ 5:27)
Found book: ΡΟΥΘ
Found book: ΒΑΣΙΛΕΙΩΝ Α
  Checked 500 words, found 42 potential typos so far... (Current: ΒΑΣΙΛΕΙΩΝ Α 4:15)
  Checked 600 words, found 83 potential typos so far... (Current: ΒΑΣΙΛΕΙΩΝ Α 30:28)
Found book: ΒΑΣΙΛΕΙΩΝ Β
  Checked 700 words, found 127 potential typos so far... (Current: ΒΑΣΙΛΕΙΩΝ Β 21:2)
Found book: ΒΑΣΙΛΕΙΩΝ Γ
  Checked 800 words, found 186 potential typos so far... (Current: ΒΑΣΙΛΕΙΩΝ Γ 10:22)
Found book: ΒΑΣΙΛΕΙΩΝ Δ
  Checked 900 words, found 231 potential typos so far... (Current: ΒΑΣΙΛΕΙΩΝ Δ 12:10)
Found book: ΠΑΡΑΛΕΙΠΟΜΕΝΩΝ Α
  Checked 1000 words, found 295 potential typos so far... (Current: ΠΑΡΑΛΕΙΠΟΜΕΝΩΝ Α 2:6)
  Checked 1100 words, found 368 potential typos so far... (Current: ΠΑΡΑΛΕΙΠΟΜΕΝΩΝ Α 6:55)
  Checked 1200 words, found 446 potential typos so far... (Current: ΠΑΡΑΛΕΙΠΟΜΕΝΩΝ Α 11:32)
  Checked 1300 words, found 507 potential typos so far... (Current: ΠΑΡΑΛΕΙΠΟΜΕΝΩΝ Α 23:24)
Found book: ΠΑΡΑΛΕΙΠΟΜΕΝΩΝ Β
  Checked 1400 words, found 557 potential typos so far... (Current: ΠΑΡΑΛΕΙΠΟΜΕΝΩΝ Β 2:3)
  Checked 1500 words, found 616 potential typos so far... (Current: ΠΑΡΑΛΕΙΠΟΜΕΝΩΝ Β 33:9)
Found book: ΕΣΔΡΑΣ
  Checked 1600 words, found 660 potential typos so far... (Current: ΕΣΔΡΑΣ 4:9)
Found book: ΝΕΕΜΙΑΣ
  Checked 1700 words, found 736 potential typos so far... (Current: ΝΕΕΜΙΑΣ 3:25)
  Checked 1800 words, found 779 potential typos so far... (Current: ΝΕΕΜΙΑΣ 10:21)
Found book: ΕΣΘΗΡ
Found book: ΙΩΒ
  Checked 1900 words, found 831 potential typos so far... (Current: ΙΩΒ 6:12)
Found book: ΨΑΛΜΟΙ
  Checked 2000 words, found 880 potential typos so far... (Current: ΨΑΛΜΟΙ 36:38)
  Checked 2100 words, found 910 potential typos so far... (Current: ΨΑΛΜΟΙ 108:15)
Found book: ΠΑΡΟΙΜΙΑΙ ΣΑΛΩΜΩΝΤΟΣ
Found book: ΕΚΚΛΗΣΙΑΣΤΗΣ
Found book: ΑΣΜΑ
  Checked 2200 words, found 960 potential typos so far... (Current: ΑΣΜΑ 8:2)
Found book: ΗΣΑΙΑΣ
  Checked 2300 words, found 997 potential typos so far... (Current: ΗΣΑΙΑΣ 41:23)
Found book: ΙΕΡΕΜΙΑΣ
  Checked 2400 words, found 1021 potential typos so far... (Current: ΙΕΡΕΜΙΑΣ 20:18)
  Checked 2500 words, found 1046 potential typos so far... (Current: ΙΕΡΕΜΙΑΣ 47:8)
Found book: ΘΡΗΝΟΙ ΙΕΡΕΜΙΟΥ
Found book: ΙΕΖΕΚΙΗΛ
  Checked 2600 words, found 1074 potential typos so far... (Current: ΙΕΖΕΚΙΗΛ 19:13)
  Checked 2700 words, found 1102 potential typos so far... (Current: ΙΕΖΕΚΙΗΛ 40:34)
Found book: ΔΑΝΙΗΛ
Found book: ΩΣΗΕ
  Checked 2800 words, found 1145 potential typos so far... (Current: ΩΣΗΕ 6:2)
Found book: ΙΩΗΛ
Found book: ΑΜΩΣ
Found book: ΟΒΔΕΙΟΥ
Found book: ΙΩΝΑΣ
Found book: ΜΙΧΑΙΑΣ
Found book: ΝΑΟΥΜ
Found book: ΑΜΒΑΚΟΥΜ
Found book: ΣΟΦΟΝΙΑΣ
Found book: ΑΓΓΑΙΟΣ
Found book: ΖΑΧΑΡΙΑΣ
  Checked 2900 words, found 1172 potential typos so far... (Current: ΖΑΧΑΡΙΑΣ 11:14)
Found book: ΜΑΛΑΧΙΑΣ
Found book: ΕΣΔΡΑΣ Α
  Checked 3000 words, found 1209 potential typos so far... (Current: ΕΣΔΡΑΣ Α 5:38)
Found book: ΤΩΒΙΤ
Found book: ΙΟΥΔΙΘ
  Checked 3100 words, found 1273 potential typos so far... (Current: ΙΟΥΔΙΘ 1:6)
Found book: ΣΟΦΙΑ ΣΑΛΩΜΩΝ
Found book: ΣΟΦΙΑ ΣΕΙΡΑΧ
  Checked 3200 words, found 1318 potential typos so far... (Current: ΣΟΦΙΑ ΣΕΙΡΑΧ 12:2)
Found book: ΒΑΡΟΥΧ
Found book: ΕΠΙΣΤΟΛΗ ΙΕΡΕΜΙΟΥ
Found book: ΣΩΣΑΝΝΑ
  Checked 3300 words, found 1367 potential typos so far... (Current: ΣΩΣΑΝΝΑ 1:14)
Found book: ΒΗΛ ΚΑΙ ΔΡΑΚΩΝ
Found book: ΜΑΚΚΑΒΑΙΩΝ Α
  Checked 3400 words, found 1421 potential typos so far... (Current: ΜΑΚΚΑΒΑΙΩΝ Α 11:55)
Found book: ΜΑΚΚΑΒΑΙΩΝ Β
  Checked 3500 words, found 1486 potential typos so far... (Current: ΜΑΚΚΑΒΑΙΩΝ Β 7:23)
Found book: ΜΑΚΚΑΒΑΙΩΝ Γ
  Checked 3600 words, found 1551 potential typos so far... (Current: ΜΑΚΚΑΒΑΙΩΝ Γ 2:5)
Found book: ΜΑΚΚΑΒΑΙΩΝ Δ
  Checked 3700 words, found 1626 potential typos so far... (Current: ΜΑΚΚΑΒΑΙΩΝ Δ 5:35)
  Checked 3800 words, found 1706 potential typos so far... (Current: ΜΑΚΚΑΒΑΙΩΝ Δ 16:16)
Found book: ΠΡΟΣΕΥΧΗ ΜΑΝΑΣΣΗ ΥΙΟΥ ΕΖΕΚΙΟΥ

Writing results to missing_words.tsv...
Opening file for writing: missing_words.tsv
Successfully opened missing_words.tsv for writing
Finished writing 3804 rows to missing_words.tsv
Writing full typo check results to missing_words_typo_check.tsv...
Opening file for writing: missing_words_typo_check.tsv
Successfully opened missing_words_typo_check.tsv for writing
Finished writing 3804 rows to missing_words_typo_check.tsv
Writing likely typos to missing_words_likely_typos.tsv...
Opening file for writing: missing_words_likely_typos.tsv
Successfully opened missing_words_likely_typos.tsv for writing
Finished writing 1686 rows to missing_words_likely_typos.tsv
Writing legitimate variations to missing_words_legitimate_variations.tsv...
Opening file for writing: missing_words_legitimate_variations.tsv
Successfully opened missing_words_legitimate_variations.tsv for writing
Finished writing 1946 rows to missing_words_legitimate_variations.tsv

Complete! Found 3804 missing words.
  - Likely proper names: 1289
  - Likely numbers: 325
  - Legitimate variations: 1946
    - Found in verse: 1902
    - Found in area (±20 verses): 44
  - Likely typos: 1686
    - Matched within verse: 1281
    - Matched within area (±20 verses): 128
    - Matched in broader corpus: 277
Results saved to: missing_words.tsv
Full typo check results saved to: missing_words_typo_check.tsv
Filtered typos saved to: missing_words_likely_typos.tsv
Legitimate variations saved to: missing_words_legitimate_variations.tsv
