Loading word data...
Opening file with word IDs: rahlfs_words.csv
Successfully opened rahlfs_words.csv
Finished reading rahlfs_words.csv (623693 rows, 623693 word IDs loaded)
Loaded 623693 word IDs from Rahlfs
Opening file with word IDs: swete_words.csv
Successfully opened swete_words.csv
Finished reading swete_words.csv (609522 rows, 609522 word IDs loaded)
Loaded 609522 word IDs from Swete
Deriving normalized word sets...
Derived 45224 unique words from Rahlfs
Derived 46292 unique words from Swete
Opening accepted words file: accepted_words.txt
Successfully opened accepted_words.txt
Finished reading accepted_words.txt (417 lines, 405 words loaded)
Loaded 405 accepted words
Opening already examined file: word_corrections.tsv
Successfully opened word_corrections.tsv
Finished reading word_corrections.tsv (204 rows, 200 word changes loaded)
Loaded 200 already examined word changes
Loading versification for verse-specific typo checking...
Opening versification file: rahlfs_versification.csv
Successfully opened rahlfs_versification.csv
Finished reading rahlfs_versification.csv (30637 rows, 30637 verses loaded)
Sorting verses from rahlfs_versification.csv...
Finished sorting 30637 verses
Loaded 30637 verses from Rahlfs versification
Opening versification file: swete_versification.csv
Successfully opened swete_versification.csv
Finished reading swete_versification.csv (30533 rows, 30533 verses loaded)
Sorting verses from swete_versification.csv...
Finished sorting 30533 verses
Loaded 30533 verses from Swete versification
Processing Bible file...
Opening Bible file for reading: Brenton.tex
Successfully opened Brenton.tex
Found book: ΓΕΝΕΣΙΣ
Found book: ΕΞΟΔΟΣ
Found book: ΛΕΥΙΤΙΚΟΝ
  Checked 100 words, found 5 potential typos so far... (Current: ΛΕΥΙΤΙΚΟΝ 6:5)
Found book: ΑΡΙΘΜΟΙ
Found book: ΔΕΥΤΕΡΟΝΟΜΙΟΝ
  Checked 200 words, found 9 potential typos so far... (Current: ΔΕΥΤΕΡΟΝΟΜΙΟΝ 1:31)
Found book: ΙΗΣΟΥΣ ΝΑΥΗ
  Checked 300 words, found 11 potential typos so far... (Current: ΙΗΣΟΥΣ ΝΑΥΗ 13:13)
Found book: ΚΡΙΤΑΙ
  Checked 400 words, found 11 potential typos so far... (Current: ΚΡΙΤΑΙ 20:19)
Found book: ΡΟΥΘ
Found book: ΒΑΣΙΛΕΙΩΝ Α
Found book: ΒΑΣΙΛΕΙΩΝ Β
  Checked 500 words, found 12 potential typos so far... (Current: ΒΑΣΙΛΕΙΩΝ Β 15:13)
Found book: ΒΑΣΙΛΕΙΩΝ Γ
  Checked 600 words, found 56 potential typos so far... (Current: ΒΑΣΙΛΕΙΩΝ Γ 14:30)
Found book: ΒΑΣΙΛΕΙΩΝ Δ
  Checked 700 words, found 105 potential typos so far... (Current: ΒΑΣΙΛΕΙΩΝ Δ 15:2)
Found book: ΠΑΡΑΛΕΙΠΟΜΕΝΩΝ Α
  Checked 800 words, found 169 potential typos so far... (Current: ΠΑΡΑΛΕΙΠΟΜΕΝΩΝ Α 2:30)
  Checked 900 words, found 243 potential typos so far... (Current: ΠΑΡΑΛΕΙΠΟΜΕΝΩΝ Α 7:18)
  Checked 1000 words, found 318 potential typos so far... (Current: ΠΑΡΑΛΕΙΠΟΜΕΝΩΝ Α 11:47)
  Checked 1100 words, found 376 potential typos so far... (Current: ΠΑΡΑΛΕΙΠΟΜΕΝΩΝ Α 25:3)
Found book: ΠΑΡΑΛΕΙΠΟΜΕΝΩΝ Β
  Checked 1200 words, found 427 potential typos so far... (Current: ΠΑΡΑΛΕΙΠΟΜΕΝΩΝ Β 11:18)
Found book: ΕΣΔΡΑΣ
  Checked 1300 words, found 486 potential typos so far... (Current: ΕΣΔΡΑΣ 2:5)
  Checked 1400 words, found 535 potential typos so far... (Current: ΕΣΔΡΑΣ 8:4)
Found book: ΝΕΕΜΙΑΣ
  Checked 1500 words, found 606 potential typos so far... (Current: ΝΕΕΜΙΑΣ 7:11)
  Checked 1600 words, found 646 potential typos so far... (Current: ΝΕΕΜΙΑΣ 12:8)
Found book: ΕΣΘΗΡ
Found book: ΙΩΒ
  Checked 1700 words, found 698 potential typos so far... (Current: ΙΩΒ 31:26)
Found book: ΨΑΛΜΟΙ
  Checked 1800 words, found 753 potential typos so far... (Current: ΨΑΛΜΟΙ 67:14)
Found book: ΠΑΡΟΙΜΙΑΙ ΣΑΛΩΜΩΝΤΟΣ
  Checked 1900 words, found 791 potential typos so far... (Current: ΠΑΡΟΙΜΙΑΙ ΣΑΛΩΜΩΝΤΟΣ 9:18)
Found book: ΕΚΚΛΗΣΙΑΣΤΗΣ
Found book: ΑΣΜΑ
Found book: ΗΣΑΙΑΣ
  Checked 2000 words, found 839 potential typos so far... (Current: ΗΣΑΙΑΣ 24:6)
Found book: ΙΕΡΕΜΙΑΣ
  Checked 2100 words, found 867 potential typos so far... (Current: ΙΕΡΕΜΙΑΣ 6:11)
  Checked 2200 words, found 894 potential typos so far... (Current: ΙΕΡΕΜΙΑΣ 32:27)
Found book: ΘΡΗΝΟΙ ΙΕΡΕΜΙΟΥ
Found book: ΙΕΖΕΚΙΗΛ
  Checked 2300 words, found 919 potential typos so far... (Current: ΙΕΖΕΚΙΗΛ 12:7)
  Checked 2400 words, found 950 potential typos so far... (Current: ΙΕΖΕΚΙΗΛ 34:20)
Found book: ΔΑΝΙΗΛ
  Checked 2500 words, found 982 potential typos so far... (Current: ΔΑΝΙΗΛ 4:27)
Found book: ΩΣΗΕ
Found book: ΙΩΗΛ
Found book: ΑΜΩΣ
Found book: ΟΒΔΕΙΟΥ
Found book: ΙΩΝΑΣ
Found book: ΜΙΧΑΙΑΣ
Found book: ΝΑΟΥΜ
Found book: ΑΜΒΑΚΟΥΜ
Found book: ΣΟΦΟΝΙΑΣ
  Checked 2600 words, found 1023 potential typos so far... (Current: ΣΟΦΟΝΙΑΣ 3:6)
Found book: ΑΓΓΑΙΟΣ
Found book: ΖΑΧΑΡΙΑΣ
Found book: ΜΑΛΑΧΙΑΣ
Found book: ΕΣΔΡΑΣ Α
  Checked 2700 words, found 1054 potential typos so far... (Current: ΕΣΔΡΑΣ Α 5:24)
  Checked 2800 words, found 1113 potential typos so far... (Current: ΕΣΔΡΑΣ Α 9:34)
Found book: ΤΩΒΙΤ
Found book: ΙΟΥΔΙΘ
Found book: ΣΟΦΙΑ ΣΑΛΩΜΩΝ
  Checked 2900 words, found 1162 potential typos so far... (Current: ΣΟΦΙΑ ΣΑΛΩΜΩΝ 15:8)
Found book: ΣΟΦΙΑ ΣΕΙΡΑΧ
  Checked 3000 words, found 1204 potential typos so far... (Current: ΣΟΦΙΑ ΣΕΙΡΑΧ 47:18)
Found book: ΒΑΡΟΥΧ
Found book: ΕΠΙΣΤΟΛΗ ΙΕΡΕΜΙΟΥ
Found book: ΣΩΣΑΝΝΑ
Found book: ΒΗΛ ΚΑΙ ΔΡΑΚΩΝ
Found book: ΜΑΚΚΑΒΑΙΩΝ Α
  Checked 3100 words, found 1267 potential typos so far... (Current: ΜΑΚΚΑΒΑΙΩΝ Α 9:66)
Found book: ΜΑΚΚΑΒΑΙΩΝ Β
  Checked 3200 words, found 1327 potential typos so far... (Current: ΜΑΚΚΑΒΑΙΩΝ Β 5:11)
  Checked 3300 words, found 1393 potential typos so far... (Current: ΜΑΚΚΑΒΑΙΩΝ Β 15:20)
Found book: ΜΑΚΚΑΒΑΙΩΝ Γ
Found book: ΜΑΚΚΑΒΑΙΩΝ Δ
  Checked 3400 words, found 1461 potential typos so far... (Current: ΜΑΚΚΑΒΑΙΩΝ Δ 3:8)
  Checked 3500 words, found 1543 potential typos so far... (Current: ΜΑΚΚΑΒΑΙΩΝ Δ 14:17)
Found book: ΠΡΟΣΕΥΧΗ ΜΑΝΑΣΣΗ ΥΙΟΥ ΕΖΕΚΙΟΥ

Writing results to missing_words.tsv...
Opening file for writing: missing_words.tsv
Successfully opened missing_words.tsv for writing
Finished writing 3523 rows to missing_words.tsv
Writing full typo check results to missing_words_typo_check.tsv...
Opening file for writing: missing_words_typo_check.tsv
Successfully opened missing_words_typo_check.tsv for writing
Finished writing 3523 rows to missing_words_typo_check.tsv
Writing likely typos to missing_words_likely_typos.tsv...
Opening file for writing: missing_words_likely_typos.tsv
Successfully opened missing_words_likely_typos.tsv for writing
Finished writing 1539 rows to missing_words_likely_typos.tsv
Writing legitimate variations to missing_words_legitimate_variations.tsv...
Opening file for writing: missing_words_legitimate_variations.tsv
Successfully opened missing_words_legitimate_variations.tsv for writing
Finished writing 1812 rows to missing_words_legitimate_variations.tsv

Complete! Found 3523 missing words.
  - Likely proper names: 1186
  - Likely numbers: 325
  - Legitimate variations: 1812
    - Found in verse: 1769
    - Found in area (±20 verses): 43
  - Likely typos: 1539
    - Matched within verse: 1161
    - Matched within area (±20 verses): 124
    - Matched in broader corpus: 254
Results saved to: missing_words.tsv
Full typo check results saved to: missing_words_typo_check.tsv
Filtered typos saved to: missing_words_likely_typos.tsv
Legitimate variations saved to: missing_words_legitimate_variations.tsv
