Loading word data...
Opening file with word IDs: rahlfs_words.csv
Successfully opened rahlfs_words.csv
Finished reading rahlfs_words.csv (623693 rows, 623693 word IDs loaded)
Loaded 623693 word IDs from Rahlfs
Opening file with word IDs: swete_words.csv
Successfully opened swete_words.csv
Finished reading swete_words.csv (609522 rows, 609522 word IDs loaded)
Loaded 609522 word IDs from Swete
Deriving normalized word sets...
Derived 45224 unique words from Rahlfs
Derived 46292 unique words from Swete
Opening accepted words file: accepted_words.txt
Successfully opened accepted_words.txt
Finished reading accepted_words.txt (161 lines, 152 words loaded)
Loaded 152 accepted words
Opening already examined file: word_changes.tsv
Successfully opened word_changes.tsv
Finished reading word_changes.tsv (70 rows, 70 word changes loaded)
Loaded 70 already examined word changes
Loading versification for verse-specific typo checking...
Opening versification file: rahlfs_versification.csv
Successfully opened rahlfs_versification.csv
Finished reading rahlfs_versification.csv (30637 rows, 30637 verses loaded)
Sorting verses from rahlfs_versification.csv...
Finished sorting 30637 verses
Loaded 30637 verses from Rahlfs versification
Opening versification file: swete_versification.csv
Successfully opened swete_versification.csv
Finished reading swete_versification.csv (30533 rows, 30533 verses loaded)
Sorting verses from swete_versification.csv...
Finished sorting 30533 verses
Loaded 30533 verses from Swete versification
Processing Bible file...
Opening Bible file for reading: Brenton.tex
Successfully opened Brenton.tex
Found book: ΓΕΝΕΣΙΣ
  Checked 100 words, found 43 potential typos so far... (Current: ΓΕΝΕΣΙΣ 36:4)
Found book: ΕΞΟΔΟΣ
Found book: ΛΕΥΙΤΙΚΟΝ
  Checked 200 words, found 85 potential typos so far... (Current: ΛΕΥΙΤΙΚΟΝ 6:13)
Found book: ΑΡΙΘΜΟΙ
  Checked 300 words, found 120 potential typos so far... (Current: ΑΡΙΘΜΟΙ 28:4)
Found book: ΔΕΥΤΕΡΟΝΟΜΙΟΝ
  Checked 400 words, found 176 potential typos so far... (Current: ΔΕΥΤΕΡΟΝΟΜΙΟΝ 9:3)
Found book: ΙΗΣΟΥΣ ΝΑΥΗ
  Checked 500 words, found 243 potential typos so far... (Current: ΙΗΣΟΥΣ ΝΑΥΗ 8:9)
  Checked 600 words, found 314 potential typos so far... (Current: ΙΗΣΟΥΣ ΝΑΥΗ 19:2)
Found book: ΚΡΙΤΑΙ
  Checked 700 words, found 368 potential typos so far... (Current: ΚΡΙΤΑΙ 15:15)
Found book: ΡΟΥΘ
Found book: ΒΑΣΙΛΕΙΩΝ Α
  Checked 800 words, found 401 potential typos so far... (Current: ΒΑΣΙΛΕΙΩΝ Α 15:15)
Found book: ΒΑΣΙΛΕΙΩΝ Β
  Checked 900 words, found 460 potential typos so far... (Current: ΒΑΣΙΛΕΙΩΝ Β 8:18)
  Checked 1000 words, found 514 potential typos so far... (Current: ΒΑΣΙΛΕΙΩΝ Β 23:36)
Found book: ΒΑΣΙΛΕΙΩΝ Γ
  Checked 1100 words, found 572 potential typos so far... (Current: ΒΑΣΙΛΕΙΩΝ Γ 18:29)
Found book: ΒΑΣΙΛΕΙΩΝ Δ
  Checked 1200 words, found 635 potential typos so far... (Current: ΒΑΣΙΛΕΙΩΝ Δ 18:18)
Found book: ΠΑΡΑΛΕΙΠΟΜΕΝΩΝ Α
  Checked 1300 words, found 701 potential typos so far... (Current: ΠΑΡΑΛΕΙΠΟΜΕΝΩΝ Α 2:54)
  Checked 1400 words, found 776 potential typos so far... (Current: ΠΑΡΑΛΕΙΠΟΜΕΝΩΝ Α 7:34)
  Checked 1500 words, found 852 potential typos so far... (Current: ΠΑΡΑΛΕΙΠΟΜΕΝΩΝ Α 12:14)
  Checked 1600 words, found 929 potential typos so far... (Current: ΠΑΡΑΛΕΙΠΟΜΕΝΩΝ Α 25:4)
Found book: ΠΑΡΑΛΕΙΠΟΜΕΝΩΝ Β
  Checked 1700 words, found 1007 potential typos so far... (Current: ΠΑΡΑΛΕΙΠΟΜΕΝΩΝ Β 12:3)
Found book: ΕΣΔΡΑΣ
  Checked 1800 words, found 1070 potential typos so far... (Current: ΕΣΔΡΑΣ 2:8)
  Checked 1900 words, found 1127 potential typos so far... (Current: ΕΣΔΡΑΣ 7:23)
Found book: ΝΕΕΜΙΑΣ
  Checked 2000 words, found 1199 potential typos so far... (Current: ΝΕΕΜΙΑΣ 7:9)
  Checked 2100 words, found 1250 potential typos so far... (Current: ΝΕΕΜΙΑΣ 11:17)
Found book: ΕΣΘΗΡ
Found book: ΙΩΒ
  Checked 2200 words, found 1323 potential typos so far... (Current: ΙΩΒ 22:6)
Found book: ΨΑΛΜΟΙ
  Checked 2300 words, found 1380 potential typos so far... (Current: ΨΑΛΜΟΙ 47:3)
  Checked 2400 words, found 1432 potential typos so far... (Current: ΨΑΛΜΟΙ 126:2)
Found book: ΠΑΡΟΙΜΙΑΙ ΣΑΛΩΜΩΝΤΟΣ
Found book: ΕΚΚΛΗΣΙΑΣΤΗΣ
Found book: ΑΣΜΑ
Found book: ΗΣΑΙΑΣ
  Checked 2500 words, found 1495 potential typos so far... (Current: ΗΣΑΙΑΣ 6:12)
  Checked 2600 words, found 1542 potential typos so far... (Current: ΗΣΑΙΑΣ 47:2)
Found book: ΙΕΡΕΜΙΑΣ
  Checked 2700 words, found 1576 potential typos so far... (Current: ΙΕΡΕΜΙΑΣ 23:15)
  Checked 2800 words, found 1629 potential typos so far... (Current: ΙΕΡΕΜΙΑΣ 51:26)
Found book: ΘΡΗΝΟΙ ΙΕΡΕΜΙΟΥ
Found book: ΙΕΖΕΚΙΗΛ
  Checked 2900 words, found 1674 potential typos so far... (Current: ΙΕΖΕΚΙΗΛ 21:15)
  Checked 3000 words, found 1710 potential typos so far... (Current: ΙΕΖΕΚΙΗΛ 41:18)
Found book: ΔΑΝΙΗΛ
Found book: ΩΣΗΕ
  Checked 3100 words, found 1763 potential typos so far... (Current: ΩΣΗΕ 10:14)
Found book: ΙΩΗΛ
Found book: ΑΜΩΣ
Found book: ΟΒΔΕΙΟΥ
Found book: ΙΩΝΑΣ
Found book: ΜΙΧΑΙΑΣ
Found book: ΝΑΟΥΜ
Found book: ΑΜΒΑΚΟΥΜ
Found book: ΣΟΦΟΝΙΑΣ
Found book: ΑΓΓΑΙΟΣ
Found book: ΖΑΧΑΡΙΑΣ
  Checked 3200 words, found 1809 potential typos so far... (Current: ΖΑΧΑΡΙΑΣ 10:2)
Found book: ΜΑΛΑΧΙΑΣ
Found book: ΕΣΔΡΑΣ Α
  Checked 3300 words, found 1857 potential typos so far... (Current: ΕΣΔΡΑΣ Α 5:34)
Found book: ΤΩΒΙΤ
  Checked 3400 words, found 1938 potential typos so far... (Current: ΤΩΒΙΤ 12:12)
Found book: ΙΟΥΔΙΘ
Found book: ΣΟΦΙΑ ΣΑΛΩΜΩΝ
Found book: ΣΟΦΙΑ ΣΕΙΡΑΧ
  Checked 3500 words, found 2016 potential typos so far... (Current: ΣΟΦΙΑ ΣΕΙΡΑΧ 1:30)
Found book: ΒΑΡΟΥΧ
  Checked 3600 words, found 2088 potential typos so far... (Current: ΒΑΡΟΥΧ 5:7)
Found book: ΕΠΙΣΤΟΛΗ ΙΕΡΕΜΙΟΥ
Found book: ΣΩΣΑΝΝΑ
Found book: ΒΗΛ ΚΑΙ ΔΡΑΚΩΝ
Found book: ΜΑΚΚΑΒΑΙΩΝ Α
  Checked 3700 words, found 2153 potential typos so far... (Current: ΜΑΚΚΑΒΑΙΩΝ Α 10:83)
Found book: ΜΑΚΚΑΒΑΙΩΝ Β
  Checked 3800 words, found 2228 potential typos so far... (Current: ΜΑΚΚΑΒΑΙΩΝ Β 6:8)
Found book: ΜΑΚΚΑΒΑΙΩΝ Γ
  Checked 3900 words, found 2302 potential typos so far... (Current: ΜΑΚΚΑΒΑΙΩΝ Γ 1:5)
Found book: ΜΑΚΚΑΒΑΙΩΝ Δ
  Checked 4000 words, found 2378 potential typos so far... (Current: ΜΑΚΚΑΒΑΙΩΝ Δ 4:3)
  Checked 4100 words, found 2460 potential typos so far... (Current: ΜΑΚΚΑΒΑΙΩΝ Δ 15:4)
Found book: ΠΡΟΣΕΥΧΗ ΜΑΝΑΣΣΗ ΥΙΟΥ ΕΖΕΚΙΟΥ

Writing results to missing_words.tsv...
Opening file for writing: missing_words.tsv
Successfully opened missing_words.tsv for writing
Finished writing 4137 rows to missing_words.tsv
Writing full typo check results to missing_words_typo_check.tsv...
Opening file for writing: missing_words_typo_check.tsv
Successfully opened missing_words_typo_check.tsv for writing
Finished writing 4137 rows to missing_words_typo_check.tsv
Writing likely typos to missing_words_likely_typos.tsv...
Opening file for writing: missing_words_likely_typos.tsv
Successfully opened missing_words_likely_typos.tsv for writing
Finished writing 1395 rows to missing_words_likely_typos.tsv

Complete! Found 4137 missing words.
  - Likely proper names: 1499
  - Likely numbers: 325
  - Likely typos: 1395
    - Matched within verse: 1104
    - Matched within area (±2 verses): 42
    - Matched in broader corpus: 249
Results saved to: missing_words.tsv
Full typo check results saved to: missing_words_typo_check.tsv
Filtered typos saved to: missing_words_likely_typos.tsv
