Loading word data...
Opening file with word IDs: rahlfs_words.csv
Successfully opened rahlfs_words.csv
Finished reading rahlfs_words.csv (623693 rows, 623693 word IDs loaded)
Loaded 623693 word IDs from Rahlfs
Opening file with word IDs: swete_words.csv
Successfully opened swete_words.csv
Finished reading swete_words.csv (609522 rows, 609522 word IDs loaded)
Loaded 609522 word IDs from Swete
Deriving normalized word sets...
Derived 45224 unique words from Rahlfs
Derived 46292 unique words from Swete
Opening accepted words file: accepted_words.txt
Successfully opened accepted_words.txt
Finished reading accepted_words.txt (177 lines, 159 words loaded)
Loaded 159 accepted words
Opening already examined file: word_corrections.tsv
Successfully opened word_corrections.tsv
Finished reading word_corrections.tsv (79 rows, 79 word changes loaded)
Loaded 79 already examined word changes
Loading versification for verse-specific typo checking...
Opening versification file: rahlfs_versification.csv
Successfully opened rahlfs_versification.csv
Finished reading rahlfs_versification.csv (30637 rows, 30637 verses loaded)
Sorting verses from rahlfs_versification.csv...
Finished sorting 30637 verses
Loaded 30637 verses from Rahlfs versification
Opening versification file: swete_versification.csv
Successfully opened swete_versification.csv
Finished reading swete_versification.csv (30533 rows, 30533 verses loaded)
Sorting verses from swete_versification.csv...
Finished sorting 30533 verses
Loaded 30533 verses from Swete versification
Processing Bible file...
Opening Bible file for reading: Brenton.tex
Successfully opened Brenton.tex
Found book: ΓΕΝΕΣΙΣ
  Checked 100 words, found 51 potential typos so far... (Current: ΓΕΝΕΣΙΣ 36:13)
Found book: ΕΞΟΔΟΣ
Found book: ΛΕΥΙΤΙΚΟΝ
  Checked 200 words, found 81 potential typos so far... (Current: ΛΕΥΙΤΙΚΟΝ 11:42)
Found book: ΑΡΙΘΜΟΙ
  Checked 300 words, found 109 potential typos so far... (Current: ΑΡΙΘΜΟΙ 29:25)
Found book: ΔΕΥΤΕΡΟΝΟΜΙΟΝ
  Checked 400 words, found 160 potential typos so far... (Current: ΔΕΥΤΕΡΟΝΟΜΙΟΝ 13:15)
Found book: ΙΗΣΟΥΣ ΝΑΥΗ
  Checked 500 words, found 198 potential typos so far... (Current: ΙΗΣΟΥΣ ΝΑΥΗ 10:21)
  Checked 600 words, found 250 potential typos so far... (Current: ΙΗΣΟΥΣ ΝΑΥΗ 19:43)
Found book: ΚΡΙΤΑΙ
  Checked 700 words, found 281 potential typos so far... (Current: ΚΡΙΤΑΙ 20:19)
Found book: ΡΟΥΘ
Found book: ΒΑΣΙΛΕΙΩΝ Α
  Checked 800 words, found 307 potential typos so far... (Current: ΒΑΣΙΛΕΙΩΝ Α 20:36)
Found book: ΒΑΣΙΛΕΙΩΝ Β
  Checked 900 words, found 352 potential typos so far... (Current: ΒΑΣΙΛΕΙΩΝ Β 14:32)
Found book: ΒΑΣΙΛΕΙΩΝ Γ
  Checked 1000 words, found 400 potential typos so far... (Current: ΒΑΣΙΛΕΙΩΝ Γ 2:30)
Found book: ΒΑΣΙΛΕΙΩΝ Δ
  Checked 1100 words, found 453 potential typos so far... (Current: ΒΑΣΙΛΕΙΩΝ Δ 1:6)
  Checked 1200 words, found 508 potential typos so far... (Current: ΒΑΣΙΛΕΙΩΝ Δ 22:8)
Found book: ΠΑΡΑΛΕΙΠΟΜΕΝΩΝ Α
  Checked 1300 words, found 578 potential typos so far... (Current: ΠΑΡΑΛΕΙΠΟΜΕΝΩΝ Α 4:12)
  Checked 1400 words, found 656 potential typos so far... (Current: ΠΑΡΑΛΕΙΠΟΜΕΝΩΝ Α 8:12)
  Checked 1500 words, found 727 potential typos so far... (Current: ΠΑΡΑΛΕΙΠΟΜΕΝΩΝ Α 15:18)
  Checked 1600 words, found 780 potential typos so far... (Current: ΠΑΡΑΛΕΙΠΟΜΕΝΩΝ Α 25:22)
Found book: ΠΑΡΑΛΕΙΠΟΜΕΝΩΝ Β
  Checked 1700 words, found 833 potential typos so far... (Current: ΠΑΡΑΛΕΙΠΟΜΕΝΩΝ Β 18:33)
Found book: ΕΣΔΡΑΣ
  Checked 1800 words, found 885 potential typos so far... (Current: ΕΣΔΡΑΣ 2:24)
  Checked 1900 words, found 947 potential typos so far... (Current: ΕΣΔΡΑΣ 10:26)
Found book: ΝΕΕΜΙΑΣ
  Checked 2000 words, found 1003 potential typos so far... (Current: ΝΕΕΜΙΑΣ 7:33)
  Checked 2100 words, found 1059 potential typos so far... (Current: ΝΕΕΜΙΑΣ 13:29)
Found book: ΕΣΘΗΡ
Found book: ΙΩΒ
  Checked 2200 words, found 1106 potential typos so far... (Current: ΙΩΒ 40:19)
Found book: ΨΑΛΜΟΙ
  Checked 2300 words, found 1148 potential typos so far... (Current: ΨΑΛΜΟΙ 67:14)
Found book: ΠΑΡΟΙΜΙΑΙ ΣΑΛΩΜΩΝΤΟΣ
  Checked 2400 words, found 1183 potential typos so far... (Current: ΠΑΡΟΙΜΙΑΙ ΣΑΛΩΜΩΝΤΟΣ 7:18)
Found book: ΕΚΚΛΗΣΙΑΣΤΗΣ
Found book: ΑΣΜΑ
Found book: ΗΣΑΙΑΣ
  Checked 2500 words, found 1231 potential typos so far... (Current: ΗΣΑΙΑΣ 21:12)
Found book: ΙΕΡΕΜΙΑΣ
  Checked 2600 words, found 1261 potential typos so far... (Current: ΙΕΡΕΜΙΑΣ 2:29)
  Checked 2700 words, found 1284 potential typos so far... (Current: ΙΕΡΕΜΙΑΣ 30:32)
Found book: ΘΡΗΝΟΙ ΙΕΡΕΜΙΟΥ
Found book: ΙΕΖΕΚΙΗΛ
  Checked 2800 words, found 1312 potential typos so far... (Current: ΙΕΖΕΚΙΗΛ 5:7)
  Checked 2900 words, found 1339 potential typos so far... (Current: ΙΕΖΕΚΙΗΛ 27:22)
  Checked 3000 words, found 1367 potential typos so far... (Current: ΙΕΖΕΚΙΗΛ 47:18)
Found book: ΔΑΝΙΗΛ
Found book: ΩΣΗΕ
Found book: ΙΩΗΛ
Found book: ΑΜΩΣ
Found book: ΟΒΔΕΙΟΥ
Found book: ΙΩΝΑΣ
Found book: ΜΙΧΑΙΑΣ
  Checked 3100 words, found 1409 potential typos so far... (Current: ΜΙΧΑΙΑΣ 2:12)
Found book: ΝΑΟΥΜ
Found book: ΑΜΒΑΚΟΥΜ
Found book: ΣΟΦΟΝΙΑΣ
Found book: ΑΓΓΑΙΟΣ
Found book: ΖΑΧΑΡΙΑΣ
Found book: ΜΑΛΑΧΙΑΣ
Found book: ΕΣΔΡΑΣ Α
  Checked 3200 words, found 1444 potential typos so far... (Current: ΕΣΔΡΑΣ Α 5:15)
  Checked 3300 words, found 1487 potential typos so far... (Current: ΕΣΔΡΑΣ Α 8:84)
Found book: ΤΩΒΙΤ
Found book: ΙΟΥΔΙΘ
  Checked 3400 words, found 1545 potential typos so far... (Current: ΙΟΥΔΙΘ 16:1)
Found book: ΣΟΦΙΑ ΣΑΛΩΜΩΝ
Found book: ΣΟΦΙΑ ΣΕΙΡΑΧ
  Checked 3500 words, found 1584 potential typos so far... (Current: ΣΟΦΙΑ ΣΕΙΡΑΧ 32:10)
Found book: ΒΑΡΟΥΧ
Found book: ΕΠΙΣΤΟΛΗ ΙΕΡΕΜΙΟΥ
Found book: ΣΩΣΑΝΝΑ
Found book: ΒΗΛ ΚΑΙ ΔΡΑΚΩΝ
Found book: ΜΑΚΚΑΒΑΙΩΝ Α
  Checked 3600 words, found 1648 potential typos so far... (Current: ΜΑΚΚΑΒΑΙΩΝ Α 4:27)
Found book: ΜΑΚΚΑΒΑΙΩΝ Β
  Checked 3700 words, found 1702 potential typos so far... (Current: ΜΑΚΚΑΒΑΙΩΝ Β 2:13)
  Checked 3800 words, found 1773 potential typos so far... (Current: ΜΑΚΚΑΒΑΙΩΝ Β 11:34)
Found book: ΜΑΚΚΑΒΑΙΩΝ Γ
  Checked 3900 words, found 1840 potential typos so far... (Current: ΜΑΚΚΑΒΑΙΩΝ Γ 5:19)
Found book: ΜΑΚΚΑΒΑΙΩΝ Δ
  Checked 4000 words, found 1910 potential typos so far... (Current: ΜΑΚΚΑΒΑΙΩΝ Δ 10:17)
Found book: ΠΡΟΣΕΥΧΗ ΜΑΝΑΣΣΗ ΥΙΟΥ ΕΖΕΚΙΟΥ

Writing results to missing_words.tsv...
Opening file for writing: missing_words.tsv
Successfully opened missing_words.tsv for writing
Finished writing 4077 rows to missing_words.tsv
Writing full typo check results to missing_words_typo_check.tsv...
Opening file for writing: missing_words_typo_check.tsv
Successfully opened missing_words_typo_check.tsv for writing
Finished writing 4077 rows to missing_words_typo_check.tsv
Writing likely typos to missing_words_likely_typos.tsv...
Opening file for writing: missing_words_likely_typos.tsv
Successfully opened missing_words_likely_typos.tsv for writing
Finished writing 1957 rows to missing_words_likely_typos.tsv
Writing legitimate variations to missing_words_legitimate_variations.tsv...
Opening file for writing: missing_words_legitimate_variations.tsv
Successfully opened missing_words_legitimate_variations.tsv for writing
Finished writing 1948 rows to missing_words_legitimate_variations.tsv

Complete! Found 4077 missing words.
  - Likely proper names: 1454
  - Likely numbers: 325
  - Legitimate variations: 1948
    - Found in verse: 1904
    - Found in area (±20 verses): 44
  - Likely typos: 1957
    - Matched within verse: 1499
    - Matched within area (±20 verses): 143
    - Matched in broader corpus: 315
Results saved to: missing_words.tsv
Full typo check results saved to: missing_words_typo_check.tsv
Filtered typos saved to: missing_words_likely_typos.tsv
Legitimate variations saved to: missing_words_legitimate_variations.tsv
