Loading word data...
Opening file with word IDs: rahlfs_words.csv
Successfully opened rahlfs_words.csv
Finished reading rahlfs_words.csv (623693 rows, 623693 word IDs loaded)
Loaded 623693 word IDs from Rahlfs
Opening file with word IDs: swete_words.csv
Successfully opened swete_words.csv
Finished reading swete_words.csv (609522 rows, 609522 word IDs loaded)
Loaded 609522 word IDs from Swete
Deriving normalized word sets...
Derived 45224 unique words from Rahlfs
Derived 46292 unique words from Swete
Opening accepted words file: accepted_words.txt
Successfully opened accepted_words.txt
Finished reading accepted_words.txt (345 lines, 336 words loaded)
Loaded 336 accepted words
Opening already examined file: word_corrections.tsv
Successfully opened word_corrections.tsv
Finished reading word_corrections.tsv (179 rows, 176 word changes loaded)
Loaded 176 already examined word changes
Loading versification for verse-specific typo checking...
Opening versification file: rahlfs_versification.csv
Successfully opened rahlfs_versification.csv
Finished reading rahlfs_versification.csv (30637 rows, 30637 verses loaded)
Sorting verses from rahlfs_versification.csv...
Finished sorting 30637 verses
Loaded 30637 verses from Rahlfs versification
Opening versification file: swete_versification.csv
Successfully opened swete_versification.csv
Finished reading swete_versification.csv (30533 rows, 30533 verses loaded)
Sorting verses from swete_versification.csv...
Finished sorting 30533 verses
Loaded 30533 verses from Swete versification
Processing Bible file...
Opening Bible file for reading: Brenton.tex
Successfully opened Brenton.tex
Found book: ΓΕΝΕΣΙΣ
Found book: ΕΞΟΔΟΣ
  Checked 100 words, found 4 potential typos so far... (Current: ΕΞΟΔΟΣ 27:20)
Found book: ΛΕΥΙΤΙΚΟΝ
Found book: ΑΡΙΘΜΟΙ
  Checked 200 words, found 6 potential typos so far... (Current: ΑΡΙΘΜΟΙ 29:31)
Found book: ΔΕΥΤΕΡΟΝΟΜΙΟΝ
Found book: ΙΗΣΟΥΣ ΝΑΥΗ
  Checked 300 words, found 11 potential typos so far... (Current: ΙΗΣΟΥΣ ΝΑΥΗ 7:10)
Found book: ΚΡΙΤΑΙ
  Checked 400 words, found 12 potential typos so far... (Current: ΚΡΙΤΑΙ 6:33)
Found book: ΡΟΥΘ
Found book: ΒΑΣΙΛΕΙΩΝ Α
  Checked 500 words, found 27 potential typos so far... (Current: ΒΑΣΙΛΕΙΩΝ Α 14:42)
Found book: ΒΑΣΙΛΕΙΩΝ Β
  Checked 600 words, found 70 potential typos so far... (Current: ΒΑΣΙΛΕΙΩΝ Β 7:18)
  Checked 700 words, found 111 potential typos so far... (Current: ΒΑΣΙΛΕΙΩΝ Β 23:29)
Found book: ΒΑΣΙΛΕΙΩΝ Γ
  Checked 800 words, found 169 potential typos so far... (Current: ΒΑΣΙΛΕΙΩΝ Γ 17:6)
Found book: ΒΑΣΙΛΕΙΩΝ Δ
  Checked 900 words, found 220 potential typos so far... (Current: ΒΑΣΙΛΕΙΩΝ Δ 17:30)
Found book: ΠΑΡΑΛΕΙΠΟΜΕΝΩΝ Α
  Checked 1000 words, found 289 potential typos so far... (Current: ΠΑΡΑΛΕΙΠΟΜΕΝΩΝ Α 2:52)
  Checked 1100 words, found 365 potential typos so far... (Current: ΠΑΡΑΛΕΙΠΟΜΕΝΩΝ Α 7:33)
  Checked 1200 words, found 437 potential typos so far... (Current: ΠΑΡΑΛΕΙΠΟΜΕΝΩΝ Α 12:11)
  Checked 1300 words, found 497 potential typos so far... (Current: ΠΑΡΑΛΕΙΠΟΜΕΝΩΝ Α 25:3)
Found book: ΠΑΡΑΛΕΙΠΟΜΕΝΩΝ Β
  Checked 1400 words, found 548 potential typos so far... (Current: ΠΑΡΑΛΕΙΠΟΜΕΝΩΝ Β 11:20)
Found book: ΕΣΔΡΑΣ
  Checked 1500 words, found 605 potential typos so far... (Current: ΕΣΔΡΑΣ 2:6)
  Checked 1600 words, found 655 potential typos so far... (Current: ΕΣΔΡΑΣ 8:9)
Found book: ΝΕΕΜΙΑΣ
  Checked 1700 words, found 724 potential typos so far... (Current: ΝΕΕΜΙΑΣ 7:13)
  Checked 1800 words, found 766 potential typos so far... (Current: ΝΕΕΜΙΑΣ 12:14)
Found book: ΕΣΘΗΡ
Found book: ΙΩΒ
  Checked 1900 words, found 816 potential typos so far... (Current: ΙΩΒ 30:2)
Found book: ΨΑΛΜΟΙ
  Checked 2000 words, found 859 potential typos so far... (Current: ΨΑΛΜΟΙ 49:16)
  Checked 2100 words, found 896 potential typos so far... (Current: ΨΑΛΜΟΙ 140:10)
Found book: ΠΑΡΟΙΜΙΑΙ ΣΑΛΩΜΩΝΤΟΣ
Found book: ΕΚΚΛΗΣΙΑΣΤΗΣ
Found book: ΑΣΜΑ
Found book: ΗΣΑΙΑΣ
  Checked 2200 words, found 946 potential typos so far... (Current: ΗΣΑΙΑΣ 10:30)
  Checked 2300 words, found 981 potential typos so far... (Current: ΗΣΑΙΑΣ 57:16)
Found book: ΙΕΡΕΜΙΑΣ
  Checked 2400 words, found 1003 potential typos so far... (Current: ΙΕΡΕΜΙΑΣ 27:18)
Found book: ΘΡΗΝΟΙ ΙΕΡΕΜΙΟΥ
  Checked 2500 words, found 1025 potential typos so far... (Current: ΘΡΗΝΟΙ ΙΕΡΕΜΙΟΥ 1:18)
Found book: ΙΕΖΕΚΙΗΛ
  Checked 2600 words, found 1056 potential typos so far... (Current: ΙΕΖΕΚΙΗΛ 24:1)
  Checked 2700 words, found 1084 potential typos so far... (Current: ΙΕΖΕΚΙΗΛ 44:23)
Found book: ΔΑΝΙΗΛ
Found book: ΩΣΗΕ
Found book: ΙΩΗΛ
Found book: ΑΜΩΣ
  Checked 2800 words, found 1129 potential typos so far... (Current: ΑΜΩΣ 4:12)
Found book: ΟΒΔΕΙΟΥ
Found book: ΙΩΝΑΣ
Found book: ΜΙΧΑΙΑΣ
Found book: ΝΑΟΥΜ
Found book: ΑΜΒΑΚΟΥΜ
Found book: ΣΟΦΟΝΙΑΣ
Found book: ΑΓΓΑΙΟΣ
Found book: ΖΑΧΑΡΙΑΣ
Found book: ΜΑΛΑΧΙΑΣ
Found book: ΕΣΔΡΑΣ Α
  Checked 2900 words, found 1159 potential typos so far... (Current: ΕΣΔΡΑΣ Α 3:23)
  Checked 3000 words, found 1197 potential typos so far... (Current: ΕΣΔΡΑΣ Α 8:31)
Found book: ΤΩΒΙΤ
Found book: ΙΟΥΔΙΘ
  Checked 3100 words, found 1257 potential typos so far... (Current: ΙΟΥΔΙΘ 7:2)
Found book: ΣΟΦΙΑ ΣΑΛΩΜΩΝ
Found book: ΣΟΦΙΑ ΣΕΙΡΑΧ
  Checked 3200 words, found 1300 potential typos so far... (Current: ΣΟΦΙΑ ΣΕΙΡΑΧ 23:14)
Found book: ΒΑΡΟΥΧ
Found book: ΕΠΙΣΤΟΛΗ ΙΕΡΕΜΙΟΥ
Found book: ΣΩΣΑΝΝΑ
Found book: ΒΗΛ ΚΑΙ ΔΡΑΚΩΝ
Found book: ΜΑΚΚΑΒΑΙΩΝ Α
  Checked 3300 words, found 1357 potential typos so far... (Current: ΜΑΚΚΑΒΑΙΩΝ Α 2:11)
  Checked 3400 words, found 1410 potential typos so far... (Current: ΜΑΚΚΑΒΑΙΩΝ Α 15:10)
Found book: ΜΑΚΚΑΒΑΙΩΝ Β
  Checked 3500 words, found 1480 potential typos so far... (Current: ΜΑΚΚΑΒΑΙΩΝ Β 9:28)
Found book: ΜΑΚΚΑΒΑΙΩΝ Γ
  Checked 3600 words, found 1545 potential typos so far... (Current: ΜΑΚΚΑΒΑΙΩΝ Γ 4:4)
Found book: ΜΑΚΚΑΒΑΙΩΝ Δ
  Checked 3700 words, found 1618 potential typos so far... (Current: ΜΑΚΚΑΒΑΙΩΝ Δ 9:7)
Found book: ΠΡΟΣΕΥΧΗ ΜΑΝΑΣΣΗ ΥΙΟΥ ΕΖΕΚΙΟΥ

Writing results to missing_words.tsv...
Opening file for writing: missing_words.tsv
Successfully opened missing_words.tsv for writing
Finished writing 3777 rows to missing_words.tsv
Writing full typo check results to missing_words_typo_check.tsv...
Opening file for writing: missing_words_typo_check.tsv
Successfully opened missing_words_typo_check.tsv for writing
Finished writing 3777 rows to missing_words_typo_check.tsv
Writing likely typos to missing_words_likely_typos.tsv...
Opening file for writing: missing_words_likely_typos.tsv
Successfully opened missing_words_likely_typos.tsv for writing
Finished writing 1659 rows to missing_words_likely_typos.tsv
Writing legitimate variations to missing_words_legitimate_variations.tsv...
Opening file for writing: missing_words_legitimate_variations.tsv
Successfully opened missing_words_legitimate_variations.tsv for writing
Finished writing 1946 rows to missing_words_legitimate_variations.tsv

Complete! Found 3777 missing words.
  - Likely proper names: 1280
  - Likely numbers: 325
  - Legitimate variations: 1946
    - Found in verse: 1902
    - Found in area (±20 verses): 44
  - Likely typos: 1659
    - Matched within verse: 1258
    - Matched within area (±20 verses): 126
    - Matched in broader corpus: 275
Results saved to: missing_words.tsv
Full typo check results saved to: missing_words_typo_check.tsv
Filtered typos saved to: missing_words_likely_typos.tsv
Legitimate variations saved to: missing_words_legitimate_variations.tsv
