Loading word data...
Opening file with word IDs: rahlfs_words.csv
Successfully opened rahlfs_words.csv
Finished reading rahlfs_words.csv (623693 rows, 623693 word IDs loaded)
Loaded 623693 word IDs from Rahlfs
Opening file with word IDs: swete_words.csv
Successfully opened swete_words.csv
Finished reading swete_words.csv (609522 rows, 609522 word IDs loaded)
Loaded 609522 word IDs from Swete
Deriving normalized word sets...
Derived 45224 unique words from Rahlfs
Derived 46292 unique words from Swete
Opening accepted words file: accepted_words.txt
Successfully opened accepted_words.txt
Finished reading accepted_words.txt (164 lines, 155 words loaded)
Loaded 155 accepted words
Opening already examined file: word_corrections.tsv
Successfully opened word_corrections.tsv
Finished reading word_corrections.tsv (71 rows, 71 word changes loaded)
Loaded 71 already examined word changes
Loading versification for verse-specific typo checking...
Opening versification file: rahlfs_versification.csv
Successfully opened rahlfs_versification.csv
Finished reading rahlfs_versification.csv (30637 rows, 30637 verses loaded)
Sorting verses from rahlfs_versification.csv...
Finished sorting 30637 verses
Loaded 30637 verses from Rahlfs versification
Opening versification file: swete_versification.csv
Successfully opened swete_versification.csv
Finished reading swete_versification.csv (30533 rows, 30533 verses loaded)
Sorting verses from swete_versification.csv...
Finished sorting 30533 verses
Loaded 30533 verses from Swete versification
Processing Bible file...
Opening Bible file for reading: Brenton.tex
Successfully opened Brenton.tex
Found book: ΓΕΝΕΣΙΣ
  Checked 100 words, found 66 potential typos so far... (Current: ΓΕΝΕΣΙΣ 36:4)
Found book: ΕΞΟΔΟΣ
Found book: ΛΕΥΙΤΙΚΟΝ
  Checked 200 words, found 133 potential typos so far... (Current: ΛΕΥΙΤΙΚΟΝ 6:13)
Found book: ΑΡΙΘΜΟΙ
  Checked 300 words, found 221 potential typos so far... (Current: ΑΡΙΘΜΟΙ 28:15)
Found book: ΔΕΥΤΕΡΟΝΟΜΙΟΝ
  Checked 400 words, found 300 potential typos so far... (Current: ΔΕΥΤΕΡΟΝΟΜΙΟΝ 9:12)
Found book: ΙΗΣΟΥΣ ΝΑΥΗ
  Checked 500 words, found 371 potential typos so far... (Current: ΙΗΣΟΥΣ ΝΑΥΗ 8:17)
  Checked 600 words, found 443 potential typos so far... (Current: ΙΗΣΟΥΣ ΝΑΥΗ 19:11)
Found book: ΚΡΙΤΑΙ
  Checked 700 words, found 516 potential typos so far... (Current: ΚΡΙΤΑΙ 16:14)
Found book: ΡΟΥΘ
Found book: ΒΑΣΙΛΕΙΩΝ Α
  Checked 800 words, found 578 potential typos so far... (Current: ΒΑΣΙΛΕΙΩΝ Α 15:23)
Found book: ΒΑΣΙΛΕΙΩΝ Β
  Checked 900 words, found 662 potential typos so far... (Current: ΒΑΣΙΛΕΙΩΝ Β 9:13)
  Checked 1000 words, found 735 potential typos so far... (Current: ΒΑΣΙΛΕΙΩΝ Β 24:3)
Found book: ΒΑΣΙΛΕΙΩΝ Γ
  Checked 1100 words, found 817 potential typos so far... (Current: ΒΑΣΙΛΕΙΩΝ Γ 19:8)
Found book: ΒΑΣΙΛΕΙΩΝ Δ
  Checked 1200 words, found 898 potential typos so far... (Current: ΒΑΣΙΛΕΙΩΝ Δ 18:34)
Found book: ΠΑΡΑΛΕΙΠΟΜΕΝΩΝ Α
  Checked 1300 words, found 980 potential typos so far... (Current: ΠΑΡΑΛΕΙΠΟΜΕΝΩΝ Α 3:7)
  Checked 1400 words, found 1064 potential typos so far... (Current: ΠΑΡΑΛΕΙΠΟΜΕΝΩΝ Α 7:36)
  Checked 1500 words, found 1142 potential typos so far... (Current: ΠΑΡΑΛΕΙΠΟΜΕΝΩΝ Α 12:29)
  Checked 1600 words, found 1219 potential typos so far... (Current: ΠΑΡΑΛΕΙΠΟΜΕΝΩΝ Α 25:9)
Found book: ΠΑΡΑΛΕΙΠΟΜΕΝΩΝ Β
  Checked 1700 words, found 1303 potential typos so far... (Current: ΠΑΡΑΛΕΙΠΟΜΕΝΩΝ Β 13:19)
Found book: ΕΣΔΡΑΣ
  Checked 1800 words, found 1375 potential typos so far... (Current: ΕΣΔΡΑΣ 2:11)
  Checked 1900 words, found 1443 potential typos so far... (Current: ΕΣΔΡΑΣ 8:14)
Found book: ΝΕΕΜΙΑΣ
  Checked 2000 words, found 1516 potential typos so far... (Current: ΝΕΕΜΙΑΣ 7:19)
  Checked 2100 words, found 1576 potential typos so far... (Current: ΝΕΕΜΙΑΣ 12:16)
Found book: ΕΣΘΗΡ
Found book: ΙΩΒ
  Checked 2200 words, found 1646 potential typos so far... (Current: ΙΩΒ 31:37)
Found book: ΨΑΛΜΟΙ
  Checked 2300 words, found 1726 potential typos so far... (Current: ΨΑΛΜΟΙ 51:7)
  Checked 2400 words, found 1796 potential typos so far... (Current: ΨΑΛΜΟΙ 142:12)
Found book: ΠΑΡΟΙΜΙΑΙ ΣΑΛΩΜΩΝΤΟΣ
Found book: ΕΚΚΛΗΣΙΑΣΤΗΣ
Found book: ΑΣΜΑ
Found book: ΗΣΑΙΑΣ
  Checked 2500 words, found 1863 potential typos so far... (Current: ΗΣΑΙΑΣ 14:1)
  Checked 2600 words, found 1914 potential typos so far... (Current: ΗΣΑΙΑΣ 58:11)
Found book: ΙΕΡΕΜΙΑΣ
  Checked 2700 words, found 1953 potential typos so far... (Current: ΙΕΡΕΜΙΑΣ 27:29)
Found book: ΘΡΗΝΟΙ ΙΕΡΕΜΙΟΥ
  Checked 2800 words, found 1996 potential typos so far... (Current: ΘΡΗΝΟΙ ΙΕΡΕΜΙΟΥ 3:21)
Found book: ΙΕΖΕΚΙΗΛ
  Checked 2900 words, found 2047 potential typos so far... (Current: ΙΕΖΕΚΙΗΛ 24:14)
  Checked 3000 words, found 2098 potential typos so far... (Current: ΙΕΖΕΚΙΗΛ 45:13)
Found book: ΔΑΝΙΗΛ
Found book: ΩΣΗΕ
Found book: ΙΩΗΛ
Found book: ΑΜΩΣ
  Checked 3100 words, found 2167 potential typos so far... (Current: ΑΜΩΣ 5:11)
Found book: ΟΒΔΕΙΟΥ
Found book: ΙΩΝΑΣ
Found book: ΜΙΧΑΙΑΣ
Found book: ΝΑΟΥΜ
Found book: ΑΜΒΑΚΟΥΜ
Found book: ΣΟΦΟΝΙΑΣ
Found book: ΑΓΓΑΙΟΣ
Found book: ΖΑΧΑΡΙΑΣ
Found book: ΜΑΛΑΧΙΑΣ
Found book: ΕΣΔΡΑΣ Α
  Checked 3200 words, found 2227 potential typos so far... (Current: ΕΣΔΡΑΣ Α 4:42)
  Checked 3300 words, found 2277 potential typos so far... (Current: ΕΣΔΡΑΣ Α 8:35)
Found book: ΤΩΒΙΤ
Found book: ΙΟΥΔΙΘ
  Checked 3400 words, found 2346 potential typos so far... (Current: ΙΟΥΔΙΘ 7:18)
Found book: ΣΟΦΙΑ ΣΑΛΩΜΩΝ
Found book: ΣΟΦΙΑ ΣΕΙΡΑΧ
  Checked 3500 words, found 2414 potential typos so far... (Current: ΣΟΦΙΑ ΣΕΙΡΑΧ 25:3)
Found book: ΒΑΡΟΥΧ
Found book: ΕΠΙΣΤΟΛΗ ΙΕΡΕΜΙΟΥ
Found book: ΣΩΣΑΝΝΑ
Found book: ΒΗΛ ΚΑΙ ΔΡΑΚΩΝ
Found book: ΜΑΚΚΑΒΑΙΩΝ Α
  Checked 3600 words, found 2497 potential typos so far... (Current: ΜΑΚΚΑΒΑΙΩΝ Α 2:13)
  Checked 3700 words, found 2580 potential typos so far... (Current: ΜΑΚΚΑΒΑΙΩΝ Α 14:43)
Found book: ΜΑΚΚΑΒΑΙΩΝ Β
  Checked 3800 words, found 2660 potential typos so far... (Current: ΜΑΚΚΑΒΑΙΩΝ Β 9:25)
Found book: ΜΑΚΚΑΒΑΙΩΝ Γ
  Checked 3900 words, found 2738 potential typos so far... (Current: ΜΑΚΚΑΒΑΙΩΝ Γ 4:1)
Found book: ΜΑΚΚΑΒΑΙΩΝ Δ
  Checked 4000 words, found 2820 potential typos so far... (Current: ΜΑΚΚΑΒΑΙΩΝ Δ 8:25)
Found book: ΠΡΟΣΕΥΧΗ ΜΑΝΑΣΣΗ ΥΙΟΥ ΕΖΕΚΙΟΥ

Writing results to missing_words.tsv...
Opening file for writing: missing_words.tsv
Successfully opened missing_words.tsv for writing
Finished writing 4096 rows to missing_words.tsv
Writing full typo check results to missing_words_typo_check.tsv...
Opening file for writing: missing_words_typo_check.tsv
Successfully opened missing_words_typo_check.tsv for writing
Finished writing 4096 rows to missing_words_typo_check.tsv
Writing likely typos to missing_words_likely_typos.tsv...
Opening file for writing: missing_words_likely_typos.tsv
Successfully opened missing_words_likely_typos.tsv for writing
Finished writing 1786 rows to missing_words_likely_typos.tsv
Writing legitimate variations to missing_words_legitimate_variations.tsv...
Opening file for writing: missing_words_legitimate_variations.tsv
Successfully opened missing_words_legitimate_variations.tsv for writing
Finished writing 613 rows to missing_words_legitimate_variations.tsv

Complete! Found 4096 missing words.
  - Likely proper names: 1463
  - Likely numbers: 325
  - Legitimate variations: 613
    - Found in verse: 600
    - Found in area (±2 verses): 13
  - Likely typos: 1786
    - Matched within verse: 1034
    - Matched within area (±2 verses): 51
    - Matched in broader corpus: 701
Results saved to: missing_words.tsv
Full typo check results saved to: missing_words_typo_check.tsv
Filtered typos saved to: missing_words_likely_typos.tsv
Legitimate variations saved to: missing_words_legitimate_variations.tsv
