Loading word data...
Opening file with word IDs: rahlfs_words.csv
Successfully opened rahlfs_words.csv
Finished reading rahlfs_words.csv (623693 rows, 623693 word IDs loaded)
Loaded 623693 word IDs from Rahlfs
Opening file with word IDs: swete_words.csv
Successfully opened swete_words.csv
Finished reading swete_words.csv (609522 rows, 609522 word IDs loaded)
Loaded 609522 word IDs from Swete
Deriving normalized word sets...
Derived 45224 unique words from Rahlfs
Derived 46292 unique words from Swete
Opening accepted words file: accepted_words.txt
Successfully opened accepted_words.txt
Finished reading accepted_words.txt (1130 lines, 1106 words loaded)
Loaded 1106 accepted words
Opening already examined file: word_corrections.tsv
Successfully opened word_corrections.tsv
Finished reading word_corrections.tsv (508 rows, 505 word changes loaded)
Loaded 505 already examined word changes
Loading versification for verse-specific typo checking...
Opening versification file: rahlfs_versification.csv
Successfully opened rahlfs_versification.csv
Finished reading rahlfs_versification.csv (30637 rows, 30637 verses loaded)
Sorting verses from rahlfs_versification.csv...
Finished sorting 30637 verses
Loaded 30637 verses from Rahlfs versification
Opening versification file: swete_versification.csv
Successfully opened swete_versification.csv
Finished reading swete_versification.csv (30533 rows, 30533 verses loaded)
Sorting verses from swete_versification.csv...
Finished sorting 30533 verses
Loaded 30533 verses from Swete versification
Processing Bible file...
Opening Bible file for reading: Brenton.tex
Successfully opened Brenton.tex
Found book: ΓΕΝΕΣΙΣ
Found book: ΕΞΟΔΟΣ
Found book: ΛΕΥΙΤΙΚΟΝ
  Checked 100 words, found 5 potential typos so far... (Current: ΛΕΥΙΤΙΚΟΝ 13:6)
Found book: ΑΡΙΘΜΟΙ
Found book: ΔΕΥΤΕΡΟΝΟΜΙΟΝ
  Checked 200 words, found 9 potential typos so far... (Current: ΔΕΥΤΕΡΟΝΟΜΙΟΝ 28:44)
Found book: ΙΗΣΟΥΣ ΝΑΥΗ
Found book: ΚΡΙΤΑΙ
  Checked 300 words, found 11 potential typos so far... (Current: ΚΡΙΤΑΙ 16:9)
Found book: ΡΟΥΘ
Found book: ΒΑΣΙΛΕΙΩΝ Α
Found book: ΒΑΣΙΛΕΙΩΝ Β
  Checked 400 words, found 12 potential typos so far... (Current: ΒΑΣΙΛΕΙΩΝ Β 23:29)
Found book: ΒΑΣΙΛΕΙΩΝ Γ
Found book: ΒΑΣΙΛΕΙΩΝ Δ
Found book: ΠΑΡΑΛΕΙΠΟΜΕΝΩΝ Α
  Checked 500 words, found 16 potential typos so far... (Current: ΠΑΡΑΛΕΙΠΟΜΕΝΩΝ Α 4:31)
  Checked 600 words, found 17 potential typos so far... (Current: ΠΑΡΑΛΕΙΠΟΜΕΝΩΝ Α 25:31)
Found book: ΠΑΡΑΛΕΙΠΟΜΕΝΩΝ Β
Found book: ΕΣΔΡΑΣ
  Checked 700 words, found 18 potential typos so far... (Current: ΕΣΔΡΑΣ 4:9)
Found book: ΝΕΕΜΙΑΣ
Found book: ΕΣΘΗΡ
  Checked 800 words, found 19 potential typos so far... (Current: ΕΣΘΗΡ 4:17)
Found book: ΙΩΒ
Found book: ΨΑΛΜΟΙ
  Checked 900 words, found 20 potential typos so far... (Current: ΨΑΛΜΟΙ 111:5)
Found book: ΠΑΡΟΙΜΙΑΙ ΣΑΛΩΜΩΝΤΟΣ
Found book: ΕΚΚΛΗΣΙΑΣΤΗΣ
Found book: ΑΣΜΑ
Found book: ΗΣΑΙΑΣ
  Checked 1000 words, found 20 potential typos so far... (Current: ΗΣΑΙΑΣ 49:4)
Found book: ΙΕΡΕΜΙΑΣ
  Checked 1100 words, found 20 potential typos so far... (Current: ΙΕΡΕΜΙΑΣ 36:24)
Found book: ΘΡΗΝΟΙ ΙΕΡΕΜΙΟΥ
Found book: ΙΕΖΕΚΙΗΛ
  Checked 1200 words, found 20 potential typos so far... (Current: ΙΕΖΕΚΙΗΛ 24:14)
Found book: ΔΑΝΙΗΛ
Found book: ΩΣΗΕ
Found book: ΙΩΗΛ
Found book: ΑΜΩΣ
  Checked 1300 words, found 32 potential typos so far... (Current: ΑΜΩΣ 3:11)
Found book: ΟΒΔΕΙΟΥ
Found book: ΙΩΝΑΣ
Found book: ΜΙΧΑΙΑΣ
Found book: ΝΑΟΥΜ
Found book: ΑΜΒΑΚΟΥΜ
Found book: ΣΟΦΟΝΙΑΣ
Found book: ΑΓΓΑΙΟΣ
Found book: ΖΑΧΑΡΙΑΣ
Found book: ΜΑΛΑΧΙΑΣ
Found book: ΕΣΔΡΑΣ Α
  Checked 1400 words, found 68 potential typos so far... (Current: ΕΣΔΡΑΣ Α 5:15)
  Checked 1500 words, found 109 potential typos so far... (Current: ΕΣΔΡΑΣ Α 9:19)
Found book: ΤΩΒΙΤ
Found book: ΙΟΥΔΙΘ
Found book: ΣΟΦΙΑ ΣΑΛΩΜΩΝ
  Checked 1600 words, found 169 potential typos so far... (Current: ΣΟΦΙΑ ΣΑΛΩΜΩΝ 8:12)
Found book: ΣΟΦΙΑ ΣΕΙΡΑΧ
  Checked 1700 words, found 213 potential typos so far... (Current: ΣΟΦΙΑ ΣΕΙΡΑΧ 43:27)
Found book: ΒΑΡΟΥΧ
Found book: ΕΠΙΣΤΟΛΗ ΙΕΡΕΜΙΟΥ
Found book: ΣΩΣΑΝΝΑ
Found book: ΒΗΛ ΚΑΙ ΔΡΑΚΩΝ
Found book: ΜΑΚΚΑΒΑΙΩΝ Α
  Checked 1800 words, found 277 potential typos so far... (Current: ΜΑΚΚΑΒΑΙΩΝ Α 9:26)
Found book: ΜΑΚΚΑΒΑΙΩΝ Β
  Checked 1900 words, found 339 potential typos so far... (Current: ΜΑΚΚΑΒΑΙΩΝ Β 5:11)
  Checked 2000 words, found 405 potential typos so far... (Current: ΜΑΚΚΑΒΑΙΩΝ Β 15:20)
Found book: ΜΑΚΚΑΒΑΙΩΝ Γ
Found book: ΜΑΚΚΑΒΑΙΩΝ Δ
  Checked 2100 words, found 465 potential typos so far... (Current: ΜΑΚΚΑΒΑΙΩΝ Δ 8:25)
Found book: ΠΡΟΣΕΥΧΗ ΜΑΝΑΣΣΗ ΥΙΟΥ ΕΖΕΚΙΟΥ

Writing results to missing_words.tsv...
Opening file for writing: missing_words.tsv
Successfully opened missing_words.tsv for writing
Finished writing 2115 rows to missing_words.tsv
Writing full typo check results to missing_words_typo_check.tsv...
Opening file for writing: missing_words_typo_check.tsv
Successfully opened missing_words_typo_check.tsv for writing
Finished writing 2115 rows to missing_words_typo_check.tsv
Writing likely typos to missing_words_likely_typos.tsv...
Opening file for writing: missing_words_likely_typos.tsv
Successfully opened missing_words_likely_typos.tsv for writing
Finished writing 443 rows to missing_words_likely_typos.tsv
Writing legitimate variations to missing_words_legitimate_variations.tsv...
Opening file for writing: missing_words_legitimate_variations.tsv
Successfully opened missing_words_legitimate_variations.tsv for writing
Finished writing 1528 rows to missing_words_legitimate_variations.tsv

Complete! Found 2115 missing words.
  - Likely proper names: 615
  - Likely numbers: 325
  - Legitimate variations: 1528
    - Found in verse: 1485
    - Found in area (±20 verses): 43
  - Likely typos: 443
    - Matched within verse: 334
    - Matched within area (±20 verses): 41
    - Matched in broader corpus: 68
Results saved to: missing_words.tsv
Full typo check results saved to: missing_words_typo_check.tsv
Filtered typos saved to: missing_words_likely_typos.tsv
Legitimate variations saved to: missing_words_legitimate_variations.tsv
