Loading word data...
Opening file with word IDs: rahlfs_words.csv
Successfully opened rahlfs_words.csv
Finished reading rahlfs_words.csv (623693 rows, 623693 word IDs loaded)
Loaded 623693 word IDs from Rahlfs
Opening file with word IDs: swete_words.csv
Successfully opened swete_words.csv
Finished reading swete_words.csv (609522 rows, 609522 word IDs loaded)
Loaded 609522 word IDs from Swete
Deriving normalized word sets...
Derived 45224 unique words from Rahlfs
Derived 46292 unique words from Swete
Opening accepted words file: accepted_words.txt
Successfully opened accepted_words.txt
Finished reading accepted_words.txt (162 lines, 153 words loaded)
Loaded 153 accepted words
Opening already examined file: word_corrections.tsv
Successfully opened word_corrections.tsv
Finished reading word_corrections.tsv (75 rows, 69 word changes loaded)
Loaded 69 already examined word changes
Loading versification for verse-specific typo checking...
Opening versification file: rahlfs_versification.csv
Successfully opened rahlfs_versification.csv
Finished reading rahlfs_versification.csv (30637 rows, 30637 verses loaded)
Sorting verses from rahlfs_versification.csv...
Finished sorting 30637 verses
Loaded 30637 verses from Rahlfs versification
Opening versification file: swete_versification.csv
Successfully opened swete_versification.csv
Finished reading swete_versification.csv (30533 rows, 30533 verses loaded)
Sorting verses from swete_versification.csv...
Finished sorting 30533 verses
Loaded 30533 verses from Swete versification
Processing Bible file...
Opening Bible file for reading: Brenton.tex
Successfully opened Brenton.tex
Found book: ΓΕΝΕΣΙΣ
  Checked 100 words, found 29 potential typos so far... (Current: ΓΕΝΕΣΙΣ 36:4)
Found book: ΕΞΟΔΟΣ
Found book: ΛΕΥΙΤΙΚΟΝ
  Checked 200 words, found 60 potential typos so far... (Current: ΛΕΥΙΤΙΚΟΝ 6:13)
Found book: ΑΡΙΘΜΟΙ
  Checked 300 words, found 89 potential typos so far... (Current: ΑΡΙΘΜΟΙ 28:10)
Found book: ΔΕΥΤΕΡΟΝΟΜΙΟΝ
  Checked 400 words, found 129 potential typos so far... (Current: ΔΕΥΤΕΡΟΝΟΜΙΟΝ 9:9)
Found book: ΙΗΣΟΥΣ ΝΑΥΗ
  Checked 500 words, found 167 potential typos so far... (Current: ΙΗΣΟΥΣ ΝΑΥΗ 8:10)
  Checked 600 words, found 226 potential typos so far... (Current: ΙΗΣΟΥΣ ΝΑΥΗ 19:6)
Found book: ΚΡΙΤΑΙ
  Checked 700 words, found 264 potential typos so far... (Current: ΚΡΙΤΑΙ 16:9)
Found book: ΡΟΥΘ
Found book: ΒΑΣΙΛΕΙΩΝ Α
  Checked 800 words, found 289 potential typos so far... (Current: ΒΑΣΙΛΕΙΩΝ Α 15:21)
Found book: ΒΑΣΙΛΕΙΩΝ Β
  Checked 900 words, found 337 potential typos so far... (Current: ΒΑΣΙΛΕΙΩΝ Β 9:10)
  Checked 1000 words, found 384 potential typos so far... (Current: ΒΑΣΙΛΕΙΩΝ Β 23:38)
Found book: ΒΑΣΙΛΕΙΩΝ Γ
  Checked 1100 words, found 434 potential typos so far... (Current: ΒΑΣΙΛΕΙΩΝ Γ 18:42)
Found book: ΒΑΣΙΛΕΙΩΝ Δ
  Checked 1200 words, found 487 potential typos so far... (Current: ΒΑΣΙΛΕΙΩΝ Δ 18:26)
Found book: ΠΑΡΑΛΕΙΠΟΜΕΝΩΝ Α
  Checked 1300 words, found 550 potential typos so far... (Current: ΠΑΡΑΛΕΙΠΟΜΕΝΩΝ Α 3:6)
  Checked 1400 words, found 623 potential typos so far... (Current: ΠΑΡΑΛΕΙΠΟΜΕΝΩΝ Α 7:35)
  Checked 1500 words, found 694 potential typos so far... (Current: ΠΑΡΑΛΕΙΠΟΜΕΝΩΝ Α 12:28)
  Checked 1600 words, found 760 potential typos so far... (Current: ΠΑΡΑΛΕΙΠΟΜΕΝΩΝ Α 25:5)
Found book: ΠΑΡΑΛΕΙΠΟΜΕΝΩΝ Β
  Checked 1700 words, found 832 potential typos so far... (Current: ΠΑΡΑΛΕΙΠΟΜΕΝΩΝ Β 13:12)
Found book: ΕΣΔΡΑΣ
  Checked 1800 words, found 887 potential typos so far... (Current: ΕΣΔΡΑΣ 2:11)
  Checked 1900 words, found 941 potential typos so far... (Current: ΕΣΔΡΑΣ 8:9)
Found book: ΝΕΕΜΙΑΣ
  Checked 2000 words, found 1005 potential typos so far... (Current: ΝΕΕΜΙΑΣ 7:13)
  Checked 2100 words, found 1050 potential typos so far... (Current: ΝΕΕΜΙΑΣ 12:14)
Found book: ΕΣΘΗΡ
Found book: ΙΩΒ
  Checked 2200 words, found 1111 potential typos so far... (Current: ΙΩΒ 30:2)
Found book: ΨΑΛΜΟΙ
  Checked 2300 words, found 1148 potential typos so far... (Current: ΨΑΛΜΟΙ 49:9)
  Checked 2400 words, found 1184 potential typos so far... (Current: ΨΑΛΜΟΙ 138:16)
Found book: ΠΑΡΟΙΜΙΑΙ ΣΑΛΩΜΩΝΤΟΣ
Found book: ΕΚΚΛΗΣΙΑΣΤΗΣ
Found book: ΑΣΜΑ
Found book: ΗΣΑΙΑΣ
  Checked 2500 words, found 1233 potential typos so far... (Current: ΗΣΑΙΑΣ 9:16)
  Checked 2600 words, found 1266 potential typos so far... (Current: ΗΣΑΙΑΣ 52:14)
Found book: ΙΕΡΕΜΙΑΣ
  Checked 2700 words, found 1283 potential typos so far... (Current: ΙΕΡΕΜΙΑΣ 26:17)
  Checked 2800 words, found 1320 potential typos so far... (Current: ΙΕΡΕΜΙΑΣ 52:34)
Found book: ΘΡΗΝΟΙ ΙΕΡΕΜΙΟΥ
Found book: ΙΕΖΕΚΙΗΛ
  Checked 2900 words, found 1349 potential typos so far... (Current: ΙΕΖΕΚΙΗΛ 23:22)
  Checked 3000 words, found 1382 potential typos so far... (Current: ΙΕΖΕΚΙΗΛ 43:17)
Found book: ΔΑΝΙΗΛ
Found book: ΩΣΗΕ
Found book: ΙΩΗΛ
Found book: ΑΜΩΣ
  Checked 3100 words, found 1428 potential typos so far... (Current: ΑΜΩΣ 3:2)
Found book: ΟΒΔΕΙΟΥ
Found book: ΙΩΝΑΣ
Found book: ΜΙΧΑΙΑΣ
Found book: ΝΑΟΥΜ
Found book: ΑΜΒΑΚΟΥΜ
Found book: ΣΟΦΟΝΙΑΣ
Found book: ΑΓΓΑΙΟΣ
Found book: ΖΑΧΑΡΙΑΣ
Found book: ΜΑΛΑΧΙΑΣ
Found book: ΕΣΔΡΑΣ Α
  Checked 3200 words, found 1456 potential typos so far... (Current: ΕΣΔΡΑΣ Α 2:13)
  Checked 3300 words, found 1504 potential typos so far... (Current: ΕΣΔΡΑΣ Α 8:27)
Found book: ΤΩΒΙΤ
Found book: ΙΟΥΔΙΘ
  Checked 3400 words, found 1575 potential typos so far... (Current: ΙΟΥΔΙΘ 5:18)
Found book: ΣΟΦΙΑ ΣΑΛΩΜΩΝ
Found book: ΣΟΦΙΑ ΣΕΙΡΑΧ
  Checked 3500 words, found 1630 potential typos so far... (Current: ΣΟΦΙΑ ΣΕΙΡΑΧ 22:5)
Found book: ΒΑΡΟΥΧ
Found book: ΕΠΙΣΤΟΛΗ ΙΕΡΕΜΙΟΥ
Found book: ΣΩΣΑΝΝΑ
Found book: ΒΗΛ ΚΑΙ ΔΡΑΚΩΝ
Found book: ΜΑΚΚΑΒΑΙΩΝ Α
  Checked 3600 words, found 1682 potential typos so far... (Current: ΜΑΚΚΑΒΑΙΩΝ Α 1:36)
  Checked 3700 words, found 1743 potential typos so far... (Current: ΜΑΚΚΑΒΑΙΩΝ Α 13:36)
Found book: ΜΑΚΚΑΒΑΙΩΝ Β
  Checked 3800 words, found 1803 potential typos so far... (Current: ΜΑΚΚΑΒΑΙΩΝ Β 9:5)
Found book: ΜΑΚΚΑΒΑΙΩΝ Γ
  Checked 3900 words, found 1871 potential typos so far... (Current: ΜΑΚΚΑΒΑΙΩΝ Γ 3:23)
Found book: ΜΑΚΚΑΒΑΙΩΝ Δ
  Checked 4000 words, found 1934 potential typos so far... (Current: ΜΑΚΚΑΒΑΙΩΝ Δ 7:25)
Found book: ΠΡΟΣΕΥΧΗ ΜΑΝΑΣΣΗ ΥΙΟΥ ΕΖΕΚΙΟΥ
  Checked 4100 words, found 2002 potential typos so far... (Current: ΠΡΟΣΕΥΧΗ ΜΑΝΑΣΣΗ ΥΙΟΥ ΕΖΕΚΙΟΥ 1:7)

Writing results to missing_words.tsv...
Opening file for writing: missing_words.tsv
Successfully opened missing_words.tsv for writing
Finished writing 4104 rows to missing_words.tsv
Writing full typo check results to missing_words_typo_check.tsv...
Opening file for writing: missing_words_typo_check.tsv
Successfully opened missing_words_typo_check.tsv for writing
Finished writing 4104 rows to missing_words_typo_check.tsv
Writing likely typos to missing_words_likely_typos.tsv...
Opening file for writing: missing_words_likely_typos.tsv
Successfully opened missing_words_likely_typos.tsv for writing
Finished writing 1064 rows to missing_words_likely_typos.tsv
Writing legitimate variations to missing_words_legitimate_variations.tsv...
Opening file for writing: missing_words_legitimate_variations.tsv
Successfully opened missing_words_legitimate_variations.tsv for writing
Finished writing 505 rows to missing_words_legitimate_variations.tsv

Complete! Found 4104 missing words.
  - Likely proper names: 1464
  - Likely numbers: 325
  - Legitimate variations: 505
    - Found in verse: 495
    - Found in area (±2 verses): 10
  - Likely typos: 1064
    - Matched within verse: 795
    - Matched within area (±2 verses): 32
    - Matched in broader corpus: 237
Results saved to: missing_words.tsv
Full typo check results saved to: missing_words_typo_check.tsv
Filtered typos saved to: missing_words_likely_typos.tsv
Legitimate variations saved to: missing_words_legitimate_variations.tsv
