Loading word data...
Opening file with word IDs: rahlfs_words.csv
Successfully opened rahlfs_words.csv
Finished reading rahlfs_words.csv (623693 rows, 623693 word IDs loaded)
Loaded 623693 word IDs from Rahlfs
Opening file with word IDs: swete_words.csv
Successfully opened swete_words.csv
Finished reading swete_words.csv (609522 rows, 609522 word IDs loaded)
Loaded 609522 word IDs from Swete
Deriving normalized word sets...
Derived 45224 unique words from Rahlfs
Derived 46292 unique words from Swete
Opening accepted words file: accepted_words.txt
Successfully opened accepted_words.txt
Finished reading accepted_words.txt (113 lines, 104 words loaded)
Loaded 104 accepted words
Opening already examined file: word_changes.tsv
Successfully opened word_changes.tsv
Finished reading word_changes.tsv (50 rows, 50 word changes loaded)
Loaded 50 already examined word changes
Loading versification for verse-specific typo checking...
Opening versification file: rahlfs_versification.csv
Successfully opened rahlfs_versification.csv
Finished reading rahlfs_versification.csv (30637 rows, 30637 verses loaded)
Sorting verses from rahlfs_versification.csv...
Finished sorting 30637 verses
Loaded 30637 verses from Rahlfs versification
Opening versification file: swete_versification.csv
Successfully opened swete_versification.csv
Finished reading swete_versification.csv (30533 rows, 30533 verses loaded)
Sorting verses from swete_versification.csv...
Finished sorting 30533 verses
Loaded 30533 verses from Swete versification
Processing Bible file...
Opening Bible file for reading: Brenton.tex
Successfully opened Brenton.tex
Found book: ΓΕΝΕΣΙΣ
  Checked 100 words, found 43 potential typos so far... (Current: ΓΕΝΕΣΙΣ 36:4)
Found book: ΕΞΟΔΟΣ
Found book: ΛΕΥΙΤΙΚΟΝ
  Checked 200 words, found 85 potential typos so far... (Current: ΛΕΥΙΤΙΚΟΝ 6:13)
Found book: ΑΡΙΘΜΟΙ
  Checked 300 words, found 141 potential typos so far... (Current: ΑΡΙΘΜΟΙ 14:3)
  Checked 400 words, found 191 potential typos so far... (Current: ΑΡΙΘΜΟΙ 34:24)
Found book: ΔΕΥΤΕΡΟΝΟΜΙΟΝ
  Checked 500 words, found 261 potential typos so far... (Current: ΔΕΥΤΕΡΟΝΟΜΙΟΝ 22:19)
Found book: ΙΗΣΟΥΣ ΝΑΥΗ
  Checked 600 words, found 332 potential typos so far... (Current: ΙΗΣΟΥΣ ΝΑΥΗ 13:6)
  Checked 700 words, found 392 potential typos so far... (Current: ΙΗΣΟΥΣ ΝΑΥΗ 24:7)
Found book: ΚΡΙΤΑΙ
Found book: ΡΟΥΘ
  Checked 800 words, found 441 potential typos so far... (Current: ΡΟΥΘ 3:2)
Found book: ΒΑΣΙΛΕΙΩΝ Α
  Checked 900 words, found 482 potential typos so far... (Current: ΒΑΣΙΛΕΙΩΝ Α 23:14)
Found book: ΒΑΣΙΛΕΙΩΝ Β
  Checked 1000 words, found 541 potential typos so far... (Current: ΒΑΣΙΛΕΙΩΝ Β 16:12)
Found book: ΒΑΣΙΛΕΙΩΝ Γ
  Checked 1100 words, found 601 potential typos so far... (Current: ΒΑΣΙΛΕΙΩΝ Γ 4:9)
Found book: ΒΑΣΙΛΕΙΩΝ Δ
  Checked 1200 words, found 655 potential typos so far... (Current: ΒΑΣΙΛΕΙΩΝ Δ 4:36)
  Checked 1300 words, found 726 potential typos so far... (Current: ΒΑΣΙΛΕΙΩΝ Δ 23:33)
Found book: ΠΑΡΑΛΕΙΠΟΜΕΝΩΝ Α
  Checked 1400 words, found 788 potential typos so far... (Current: ΠΑΡΑΛΕΙΠΟΜΕΝΩΝ Α 4:19)
  Checked 1500 words, found 868 potential typos so far... (Current: ΠΑΡΑΛΕΙΠΟΜΕΝΩΝ Α 8:26)
  Checked 1600 words, found 943 potential typos so far... (Current: ΠΑΡΑΛΕΙΠΟΜΕΝΩΝ Α 16:37)
  Checked 1700 words, found 1028 potential typos so far... (Current: ΠΑΡΑΛΕΙΠΟΜΕΝΩΝ Α 25:28)
Found book: ΠΑΡΑΛΕΙΠΟΜΕΝΩΝ Β
  Checked 1800 words, found 1093 potential typos so far... (Current: ΠΑΡΑΛΕΙΠΟΜΕΝΩΝ Β 20:31)
Found book: ΕΣΔΡΑΣ
  Checked 1900 words, found 1151 potential typos so far... (Current: ΕΣΔΡΑΣ 2:30)
  Checked 2000 words, found 1222 potential typos so far... (Current: ΕΣΔΡΑΣ 10:28)
Found book: ΝΕΕΜΙΑΣ
  Checked 2100 words, found 1276 potential typos so far... (Current: ΝΕΕΜΙΑΣ 7:34)
Found book: ΕΣΘΗΡ
  Checked 2200 words, found 1346 potential typos so far... (Current: ΕΣΘΗΡ 1:1)
Found book: ΙΩΒ
  Checked 2300 words, found 1413 potential typos so far... (Current: ΙΩΒ 40:19)
Found book: ΨΑΛΜΟΙ
  Checked 2400 words, found 1467 potential typos so far... (Current: ΨΑΛΜΟΙ 65:8)
Found book: ΠΑΡΟΙΜΙΑΙ ΣΑΛΩΜΩΝΤΟΣ
  Checked 2500 words, found 1524 potential typos so far... (Current: ΠΑΡΟΙΜΙΑΙ ΣΑΛΩΜΩΝΤΟΣ 6:19)
Found book: ΕΚΚΛΗΣΙΑΣΤΗΣ
Found book: ΑΣΜΑ
Found book: ΗΣΑΙΑΣ
  Checked 2600 words, found 1589 potential typos so far... (Current: ΗΣΑΙΑΣ 14:1)
  Checked 2700 words, found 1630 potential typos so far... (Current: ΗΣΑΙΑΣ 57:16)
Found book: ΙΕΡΕΜΙΑΣ
  Checked 2800 words, found 1668 potential typos so far... (Current: ΙΕΡΕΜΙΑΣ 27:2)
  Checked 2900 words, found 1724 potential typos so far... (Current: ΙΕΡΕΜΙΑΣ 52:33)
Found book: ΘΡΗΝΟΙ ΙΕΡΕΜΙΟΥ
Found book: ΙΕΖΕΚΙΗΛ
  Checked 3000 words, found 1770 potential typos so far... (Current: ΙΕΖΕΚΙΗΛ 22:19)
  Checked 3100 words, found 1807 potential typos so far... (Current: ΙΕΖΕΚΙΗΛ 42:14)
Found book: ΔΑΝΙΗΛ
Found book: ΩΣΗΕ
  Checked 3200 words, found 1862 potential typos so far... (Current: ΩΣΗΕ 13:15)
Found book: ΙΩΗΛ
Found book: ΑΜΩΣ
Found book: ΟΒΔΕΙΟΥ
Found book: ΙΩΝΑΣ
Found book: ΜΙΧΑΙΑΣ
Found book: ΝΑΟΥΜ
Found book: ΑΜΒΑΚΟΥΜ
Found book: ΣΟΦΟΝΙΑΣ
Found book: ΑΓΓΑΙΟΣ
Found book: ΖΑΧΑΡΙΑΣ
  Checked 3300 words, found 1913 potential typos so far... (Current: ΖΑΧΑΡΙΑΣ 5:9)
Found book: ΜΑΛΑΧΙΑΣ
Found book: ΕΣΔΡΑΣ Α
  Checked 3400 words, found 1958 potential typos so far... (Current: ΕΣΔΡΑΣ Α 5:29)
Found book: ΤΩΒΙΤ
  Checked 3500 words, found 2042 potential typos so far... (Current: ΤΩΒΙΤ 1:6)
Found book: ΙΟΥΔΙΘ
Found book: ΣΟΦΙΑ ΣΑΛΩΜΩΝ
  Checked 3600 words, found 2119 potential typos so far... (Current: ΣΟΦΙΑ ΣΑΛΩΜΩΝ 15:12)
Found book: ΣΟΦΙΑ ΣΕΙΡΑΧ
  Checked 3700 words, found 2193 potential typos so far... (Current: ΣΟΦΙΑ ΣΕΙΡΑΧ 43:27)
Found book: ΒΑΡΟΥΧ
Found book: ΕΠΙΣΤΟΛΗ ΙΕΡΕΜΙΟΥ
Found book: ΣΩΣΑΝΝΑ
Found book: ΒΗΛ ΚΑΙ ΔΡΑΚΩΝ
Found book: ΜΑΚΚΑΒΑΙΩΝ Α
  Checked 3800 words, found 2261 potential typos so far... (Current: ΜΑΚΚΑΒΑΙΩΝ Α 6:43)
Found book: ΜΑΚΚΑΒΑΙΩΝ Β
  Checked 3900 words, found 2336 potential typos so far... (Current: ΜΑΚΚΑΒΑΙΩΝ Β 4:6)
  Checked 4000 words, found 2412 potential typos so far... (Current: ΜΑΚΚΑΒΑΙΩΝ Β 14:3)
Found book: ΜΑΚΚΑΒΑΙΩΝ Γ
  Checked 4100 words, found 2486 potential typos so far... (Current: ΜΑΚΚΑΒΑΙΩΝ Γ 6:26)
Found book: ΜΑΚΚΑΒΑΙΩΝ Δ
  Checked 4200 words, found 2566 potential typos so far... (Current: ΜΑΚΚΑΒΑΙΩΝ Δ 12:6)
Found book: ΠΡΟΣΕΥΧΗ ΜΑΝΑΣΣΗ ΥΙΟΥ ΕΖΕΚΙΟΥ

Writing results to missing_words.tsv...
Opening file for writing: missing_words.tsv
Successfully opened missing_words.tsv for writing
Finished writing 4263 rows to missing_words.tsv
Writing full typo check results to missing_words_typo_check.tsv...
Opening file for writing: missing_words_typo_check.tsv
Successfully opened missing_words_typo_check.tsv for writing
Finished writing 4263 rows to missing_words_typo_check.tsv
Writing likely typos to missing_words_likely_typos.tsv...
Opening file for writing: missing_words_likely_typos.tsv
Successfully opened missing_words_likely_typos.tsv for writing
Finished writing 1521 rows to missing_words_likely_typos.tsv

Complete! Found 4263 missing words.
  - Likely proper names: 1499
  - Likely numbers: 325
  - Likely typos: 1521
    - Matched within verse: 1208
    - Matched within area (±2 verses): 45
    - Matched in broader corpus: 268
Results saved to: missing_words.tsv
Full typo check results saved to: missing_words_typo_check.tsv
Filtered typos saved to: missing_words_likely_typos.tsv
