Loading word data...
Opening file with word IDs: rahlfs_words.csv
Successfully opened rahlfs_words.csv
Finished reading rahlfs_words.csv (623693 rows, 623693 word IDs loaded)
Loaded 623693 word IDs from Rahlfs
Opening file with word IDs: swete_words.csv
Successfully opened swete_words.csv
Finished reading swete_words.csv (609522 rows, 609522 word IDs loaded)
Loaded 609522 word IDs from Swete
Deriving normalized word sets...
Derived 45224 unique words from Rahlfs
Derived 46292 unique words from Swete
Opening accepted words file: accepted_words.txt
Successfully opened accepted_words.txt
Finished reading accepted_words.txt (471 lines, 456 words loaded)
Loaded 456 accepted words
Opening already examined file: word_corrections.tsv
Successfully opened word_corrections.tsv
Finished reading word_corrections.tsv (239 rows, 238 word changes loaded)
Loaded 238 already examined word changes
Loading versification for verse-specific typo checking...
Opening versification file: rahlfs_versification.csv
Successfully opened rahlfs_versification.csv
Finished reading rahlfs_versification.csv (30637 rows, 30637 verses loaded)
Sorting verses from rahlfs_versification.csv...
Finished sorting 30637 verses
Loaded 30637 verses from Rahlfs versification
Opening versification file: swete_versification.csv
Successfully opened swete_versification.csv
Finished reading swete_versification.csv (30533 rows, 30533 verses loaded)
Sorting verses from swete_versification.csv...
Finished sorting 30533 verses
Loaded 30533 verses from Swete versification
Processing Bible file...
Opening Bible file for reading: Brenton.tex
Successfully opened Brenton.tex
Found book: ΓΕΝΕΣΙΣ
Found book: ΕΞΟΔΟΣ
Found book: ΛΕΥΙΤΙΚΟΝ
  Checked 100 words, found 5 potential typos so far... (Current: ΛΕΥΙΤΙΚΟΝ 6:5)
Found book: ΑΡΙΘΜΟΙ
Found book: ΔΕΥΤΕΡΟΝΟΜΙΟΝ
  Checked 200 words, found 9 potential typos so far... (Current: ΔΕΥΤΕΡΟΝΟΜΙΟΝ 2:20)
Found book: ΙΗΣΟΥΣ ΝΑΥΗ
  Checked 300 words, found 11 potential typos so far... (Current: ΙΗΣΟΥΣ ΝΑΥΗ 15:3)
Found book: ΚΡΙΤΑΙ
Found book: ΡΟΥΘ
  Checked 400 words, found 11 potential typos so far... (Current: ΡΟΥΘ 2:4)
Found book: ΒΑΣΙΛΕΙΩΝ Α
Found book: ΒΑΣΙΛΕΙΩΝ Β
  Checked 500 words, found 12 potential typos so far... (Current: ΒΑΣΙΛΕΙΩΝ Β 18:9)
Found book: ΒΑΣΙΛΕΙΩΝ Γ
Found book: ΒΑΣΙΛΕΙΩΝ Δ
  Checked 600 words, found 14 potential typos so far... (Current: ΒΑΣΙΛΕΙΩΝ Δ 11:17)
Found book: ΠΑΡΑΛΕΙΠΟΜΕΝΩΝ Α
  Checked 700 words, found 75 potential typos so far... (Current: ΠΑΡΑΛΕΙΠΟΜΕΝΩΝ Α 2:26)
  Checked 800 words, found 148 potential typos so far... (Current: ΠΑΡΑΛΕΙΠΟΜΕΝΩΝ Α 7:12)
  Checked 900 words, found 224 potential typos so far... (Current: ΠΑΡΑΛΕΙΠΟΜΕΝΩΝ Α 11:46)
  Checked 1000 words, found 281 potential typos so far... (Current: ΠΑΡΑΛΕΙΠΟΜΕΝΩΝ Α 25:2)
Found book: ΠΑΡΑΛΕΙΠΟΜΕΝΩΝ Β
  Checked 1100 words, found 332 potential typos so far... (Current: ΠΑΡΑΛΕΙΠΟΜΕΝΩΝ Β 11:4)
Found book: ΕΣΔΡΑΣ
  Checked 1200 words, found 392 potential typos so far... (Current: ΕΣΔΡΑΣ 2:4)
  Checked 1300 words, found 441 potential typos so far... (Current: ΕΣΔΡΑΣ 7:23)
Found book: ΝΕΕΜΙΑΣ
  Checked 1400 words, found 511 potential typos so far... (Current: ΝΕΕΜΙΑΣ 7:11)
  Checked 1500 words, found 552 potential typos so far... (Current: ΝΕΕΜΙΑΣ 11:19)
Found book: ΕΣΘΗΡ
Found book: ΙΩΒ
  Checked 1600 words, found 604 potential typos so far... (Current: ΙΩΒ 31:26)
Found book: ΨΑΛΜΟΙ
  Checked 1700 words, found 659 potential typos so far... (Current: ΨΑΛΜΟΙ 67:14)
Found book: ΠΑΡΟΙΜΙΑΙ ΣΑΛΩΜΩΝΤΟΣ
  Checked 1800 words, found 697 potential typos so far... (Current: ΠΑΡΟΙΜΙΑΙ ΣΑΛΩΜΩΝΤΟΣ 9:18)
Found book: ΕΚΚΛΗΣΙΑΣΤΗΣ
Found book: ΑΣΜΑ
Found book: ΗΣΑΙΑΣ
  Checked 1900 words, found 745 potential typos so far... (Current: ΗΣΑΙΑΣ 24:6)
Found book: ΙΕΡΕΜΙΑΣ
  Checked 2000 words, found 773 potential typos so far... (Current: ΙΕΡΕΜΙΑΣ 6:11)
  Checked 2100 words, found 800 potential typos so far... (Current: ΙΕΡΕΜΙΑΣ 32:27)
Found book: ΘΡΗΝΟΙ ΙΕΡΕΜΙΟΥ
Found book: ΙΕΖΕΚΙΗΛ
  Checked 2200 words, found 825 potential typos so far... (Current: ΙΕΖΕΚΙΗΛ 12:7)
  Checked 2300 words, found 856 potential typos so far... (Current: ΙΕΖΕΚΙΗΛ 34:20)
Found book: ΔΑΝΙΗΛ
  Checked 2400 words, found 888 potential typos so far... (Current: ΔΑΝΙΗΛ 4:27)
Found book: ΩΣΗΕ
Found book: ΙΩΗΛ
Found book: ΑΜΩΣ
Found book: ΟΒΔΕΙΟΥ
Found book: ΙΩΝΑΣ
Found book: ΜΙΧΑΙΑΣ
Found book: ΝΑΟΥΜ
Found book: ΑΜΒΑΚΟΥΜ
Found book: ΣΟΦΟΝΙΑΣ
  Checked 2500 words, found 929 potential typos so far... (Current: ΣΟΦΟΝΙΑΣ 3:6)
Found book: ΑΓΓΑΙΟΣ
Found book: ΖΑΧΑΡΙΑΣ
Found book: ΜΑΛΑΧΙΑΣ
Found book: ΕΣΔΡΑΣ Α
  Checked 2600 words, found 960 potential typos so far... (Current: ΕΣΔΡΑΣ Α 5:24)
  Checked 2700 words, found 1019 potential typos so far... (Current: ΕΣΔΡΑΣ Α 9:34)
Found book: ΤΩΒΙΤ
Found book: ΙΟΥΔΙΘ
Found book: ΣΟΦΙΑ ΣΑΛΩΜΩΝ
  Checked 2800 words, found 1068 potential typos so far... (Current: ΣΟΦΙΑ ΣΑΛΩΜΩΝ 15:8)
Found book: ΣΟΦΙΑ ΣΕΙΡΑΧ
  Checked 2900 words, found 1110 potential typos so far... (Current: ΣΟΦΙΑ ΣΕΙΡΑΧ 47:18)
Found book: ΒΑΡΟΥΧ
Found book: ΕΠΙΣΤΟΛΗ ΙΕΡΕΜΙΟΥ
Found book: ΣΩΣΑΝΝΑ
Found book: ΒΗΛ ΚΑΙ ΔΡΑΚΩΝ
Found book: ΜΑΚΚΑΒΑΙΩΝ Α
  Checked 3000 words, found 1173 potential typos so far... (Current: ΜΑΚΚΑΒΑΙΩΝ Α 9:66)
Found book: ΜΑΚΚΑΒΑΙΩΝ Β
  Checked 3100 words, found 1233 potential typos so far... (Current: ΜΑΚΚΑΒΑΙΩΝ Β 5:11)
  Checked 3200 words, found 1299 potential typos so far... (Current: ΜΑΚΚΑΒΑΙΩΝ Β 15:20)
Found book: ΜΑΚΚΑΒΑΙΩΝ Γ
Found book: ΜΑΚΚΑΒΑΙΩΝ Δ
  Checked 3300 words, found 1367 potential typos so far... (Current: ΜΑΚΚΑΒΑΙΩΝ Δ 3:8)
  Checked 3400 words, found 1449 potential typos so far... (Current: ΜΑΚΚΑΒΑΙΩΝ Δ 14:17)
Found book: ΠΡΟΣΕΥΧΗ ΜΑΝΑΣΣΗ ΥΙΟΥ ΕΖΕΚΙΟΥ

Writing results to missing_words.tsv...
Opening file for writing: missing_words.tsv
Successfully opened missing_words.tsv for writing
Finished writing 3423 rows to missing_words.tsv
Writing full typo check results to missing_words_typo_check.tsv...
Opening file for writing: missing_words_typo_check.tsv
Successfully opened missing_words_typo_check.tsv for writing
Finished writing 3423 rows to missing_words_typo_check.tsv
Writing likely typos to missing_words_likely_typos.tsv...
Opening file for writing: missing_words_likely_typos.tsv
Successfully opened missing_words_likely_typos.tsv for writing
Finished writing 1445 rows to missing_words_likely_typos.tsv
Writing legitimate variations to missing_words_legitimate_variations.tsv...
Opening file for writing: missing_words_legitimate_variations.tsv
Successfully opened missing_words_legitimate_variations.tsv for writing
Finished writing 1806 rows to missing_words_legitimate_variations.tsv

Complete! Found 3423 missing words.
  - Likely proper names: 1142
  - Likely numbers: 325
  - Legitimate variations: 1806
    - Found in verse: 1763
    - Found in area (±20 verses): 43
  - Likely typos: 1445
    - Matched within verse: 1097
    - Matched within area (±20 verses): 114
    - Matched in broader corpus: 234
Results saved to: missing_words.tsv
Full typo check results saved to: missing_words_typo_check.tsv
Filtered typos saved to: missing_words_likely_typos.tsv
Legitimate variations saved to: missing_words_legitimate_variations.tsv
