Loading word sets...
Loaded 45224 words from Rahlfs
Loaded 46292 words from Swete
Loading word IDs and versification for verse-specific typo checking...
Loaded 623693 word IDs from Rahlfs
Loaded 609522 word IDs from Swete
Loaded 30637 verses from Rahlfs versification
Loaded 30533 verses from Swete versification
Processing Bible file...
Found book: ΓΕΝΕΣΙΣ
  Checked 100 words, found 60 potential typos so far... (Current: ΓΕΝΕΣΙΣ 24:47)
  Checked 200 words, found 129 potential typos so far... (Current: ΓΕΝΕΣΙΣ 42:34)
Found book: ΕΞΟΔΟΣ
  Checked 300 words, found 194 potential typos so far... (Current: ΕΞΟΔΟΣ 28:5)
Found book: ΛΕΥΙΤΙΚΟΝ
  Checked 400 words, found 260 potential typos so far... (Current: ΛΕΥΙΤΙΚΟΝ 20:25)
Found book: ΑΡΙΘΜΟΙ
  Checked 500 words, found 321 potential typos so far... (Current: ΑΡΙΘΜΟΙ 16:24)
  Checked 600 words, found 372 potential typos so far... (Current: ΑΡΙΘΜΟΙ 36:3)
Found book: ΔΕΥΤΕΡΟΝΟΜΙΟΝ
  Checked 700 words, found 444 potential typos so far... (Current: ΔΕΥΤΕΡΟΝΟΜΙΟΝ 22:19)
Found book: ΙΗΣΟΥΣ ΝΑΥΗ
  Checked 800 words, found 513 potential typos so far... (Current: ΙΗΣΟΥΣ ΝΑΥΗ 12:24)
  Checked 900 words, found 571 potential typos so far... (Current: ΙΗΣΟΥΣ ΝΑΥΗ 23:5)
Found book: ΚΡΙΤΑΙ
Found book: ΡΟΥΘ
  Checked 1000 words, found 626 potential typos so far... (Current: ΡΟΥΘ 2:5)
Found book: ΒΑΣΙΛΕΙΩΝ Α
  Checked 1100 words, found 664 potential typos so far... (Current: ΒΑΣΙΛΕΙΩΝ Α 20:32)
Found book: ΒΑΣΙΛΕΙΩΝ Β
  Checked 1200 words, found 726 potential typos so far... (Current: ΒΑΣΙΛΕΙΩΝ Β 12:23)
  Checked 1300 words, found 782 potential typos so far... (Current: ΒΑΣΙΛΕΙΩΝ Β 24:22)
Found book: ΒΑΣΙΛΕΙΩΝ Γ
  Checked 1400 words, found 841 potential typos so far... (Current: ΒΑΣΙΛΕΙΩΝ Γ 18:38)
Found book: ΒΑΣΙΛΕΙΩΝ Δ
  Checked 1500 words, found 905 potential typos so far... (Current: ΒΑΣΙΛΕΙΩΝ Δ 16:15)
Found book: ΠΑΡΑΛΕΙΠΟΜΕΝΩΝ Α
  Checked 1600 words, found 969 potential typos so far... (Current: ΠΑΡΑΛΕΙΠΟΜΕΝΩΝ Α 2:32)
  Checked 1700 words, found 1043 potential typos so far... (Current: ΠΑΡΑΛΕΙΠΟΜΕΝΩΝ Α 7:19)
  Checked 1800 words, found 1117 potential typos so far... (Current: ΠΑΡΑΛΕΙΠΟΜΕΝΩΝ Α 12:1)
  Checked 1900 words, found 1197 potential typos so far... (Current: ΠΑΡΑΛΕΙΠΟΜΕΝΩΝ Α 23:31)
Found book: ΠΑΡΑΛΕΙΠΟΜΕΝΩΝ Β
  Checked 2000 words, found 1279 potential typos so far... (Current: ΠΑΡΑΛΕΙΠΟΜΕΝΩΝ Β 3:15)
  Checked 2100 words, found 1342 potential typos so far... (Current: ΠΑΡΑΛΕΙΠΟΜΕΝΩΝ Β 33:9)
Found book: ΕΣΔΡΑΣ
  Checked 2200 words, found 1393 potential typos so far... (Current: ΕΣΔΡΑΣ 4:6)
Found book: ΝΕΕΜΙΑΣ
  Checked 2300 words, found 1474 potential typos so far... (Current: ΝΕΕΜΙΑΣ 3:16)
  Checked 2400 words, found 1533 potential typos so far... (Current: ΝΕΕΜΙΑΣ 7:43)
Found book: ΕΣΘΗΡ
  Checked 2500 words, found 1607 potential typos so far... (Current: ΕΣΘΗΡ 2:9)
Found book: ΙΩΒ
  Checked 2600 words, found 1663 potential typos so far... (Current: ΙΩΒ 38:34)
Found book: ΨΑΛΜΟΙ
  Checked 2700 words, found 1717 potential typos so far... (Current: ΨΑΛΜΟΙ 58:13)
  Checked 2800 words, found 1774 potential typos so far... (Current: ΨΑΛΜΟΙ 148:14)
Found book: ΠΑΡΟΙΜΙΑΙ ΣΑΛΩΜΩΝΤΟΣ
Found book: ΕΚΚΛΗΣΙΑΣΤΗΣ
Found book: ΑΣΜΑ
Found book: ΗΣΑΙΑΣ
  Checked 2900 words, found 1837 potential typos so far... (Current: ΗΣΑΙΑΣ 7:15)
  Checked 3000 words, found 1887 potential typos so far... (Current: ΗΣΑΙΑΣ 44:4)
Found book: ΙΕΡΕΜΙΑΣ
  Checked 3100 words, found 1924 potential typos so far... (Current: ΙΕΡΕΜΙΑΣ 16:10)
  Checked 3200 words, found 1974 potential typos so far... (Current: ΙΕΡΕΜΙΑΣ 38:16)
Found book: ΘΡΗΝΟΙ ΙΕΡΕΜΙΟΥ
Found book: ΙΕΖΕΚΙΗΛ
  Checked 3300 words, found 2027 potential typos so far... (Current: ΙΕΖΕΚΙΗΛ 12:6)
  Checked 3400 words, found 2077 potential typos so far... (Current: ΙΕΖΕΚΙΗΛ 27:33)
  Checked 3500 words, found 2118 potential typos so far... (Current: ΙΕΖΕΚΙΗΛ 47:3)
Found book: ΔΑΝΙΗΛ
Found book: ΩΣΗΕ
Found book: ΙΩΗΛ
Found book: ΑΜΩΣ
  Checked 3600 words, found 2184 potential typos so far... (Current: ΑΜΩΣ 2:4)
Found book: ΟΒΔΕΙΟΥ
Found book: ΙΩΝΑΣ
Found book: ΜΙΧΑΙΑΣ
Found book: ΝΑΟΥΜ
Found book: ΑΜΒΑΚΟΥΜ
Found book: ΣΟΦΟΝΙΑΣ
Found book: ΑΓΓΑΙΟΣ
Found book: ΖΑΧΑΡΙΑΣ
  Checked 3700 words, found 2236 potential typos so far... (Current: ΖΑΧΑΡΙΑΣ 10:1)
Found book: ΜΑΛΑΧΙΑΣ
Found book: ΕΣΔΡΑΣ Α
  Checked 3800 words, found 2285 potential typos so far... (Current: ΕΣΔΡΑΣ Α 5:32)
Found book: ΤΩΒΙΤ
  Checked 3900 words, found 2369 potential typos so far... (Current: ΤΩΒΙΤ 1:18)
Found book: ΙΟΥΔΙΘ
Found book: ΣΟΦΙΑ ΣΑΛΩΜΩΝ
  Checked 4000 words, found 2446 potential typos so far... (Current: ΣΟΦΙΑ ΣΑΛΩΜΩΝ 13:11)
Found book: ΣΟΦΙΑ ΣΕΙΡΑΧ
  Checked 4100 words, found 2518 potential typos so far... (Current: ΣΟΦΙΑ ΣΕΙΡΑΧ 36:29)
Found book: ΒΑΡΟΥΧ
Found book: ΕΠΙΣΤΟΛΗ ΙΕΡΕΜΙΟΥ
Found book: ΣΩΣΑΝΝΑ
Found book: ΒΗΛ ΚΑΙ ΔΡΑΚΩΝ
Found book: ΜΑΚΚΑΒΑΙΩΝ Α
  Checked 4200 words, found 2587 potential typos so far... (Current: ΜΑΚΚΑΒΑΙΩΝ Α 4:28)
Found book: ΜΑΚΚΑΒΑΙΩΝ Β
  Checked 4300 words, found 2658 potential typos so far... (Current: ΜΑΚΚΑΒΑΙΩΝ Β 1:1)
  Checked 4400 words, found 2733 potential typos so far... (Current: ΜΑΚΚΑΒΑΙΩΝ Β 10:24)
Found book: ΜΑΚΚΑΒΑΙΩΝ Γ
  Checked 4500 words, found 2807 potential typos so far... (Current: ΜΑΚΚΑΒΑΙΩΝ Γ 4:12)
Found book: ΜΑΚΚΑΒΑΙΩΝ Δ
  Checked 4600 words, found 2880 potential typos so far... (Current: ΜΑΚΚΑΒΑΙΩΝ Δ 9:11)
Found book: ΠΡΟΣΕΥΧΗ ΜΑΝΑΣΣΗ ΥΙΟΥ ΕΖΕΚΙΟΥ

Writing results to missing_words.tsv...
Writing full typo check results to missing_words_typo_check.tsv...
Writing likely typos to missing_words_likely_typos.tsv...

Complete! Found 4692 missing words.
  - Likely proper names: 1516
  - Likely numbers: 325
  - Likely typos: 1859
    - Matched within verse: 1473
    - Matched in broader corpus: 386
Results saved to: missing_words.tsv
Full typo check results saved to: missing_words_typo_check.tsv
Filtered typos saved to: missing_words_likely_typos.tsv
