Loading word data...
Opening file with word IDs: rahlfs_words.csv
Successfully opened rahlfs_words.csv
Finished reading rahlfs_words.csv (623693 rows, 623693 word IDs loaded)
Loaded 623693 word IDs from Rahlfs
Opening file with word IDs: swete_words.csv
Successfully opened swete_words.csv
Finished reading swete_words.csv (609522 rows, 609522 word IDs loaded)
Loaded 609522 word IDs from Swete
Deriving normalized word sets...
Derived 45224 unique words from Rahlfs
Derived 46292 unique words from Swete
Opening accepted words file: accepted_words.txt
Successfully opened accepted_words.txt
Finished reading accepted_words.txt (170 lines, 159 words loaded)
Loaded 159 accepted words
Opening already examined file: word_corrections.tsv
Successfully opened word_corrections.tsv
Finished reading word_corrections.tsv (71 rows, 71 word changes loaded)
Loaded 71 already examined word changes
Loading versification for verse-specific typo checking...
Opening versification file: rahlfs_versification.csv
Successfully opened rahlfs_versification.csv
Finished reading rahlfs_versification.csv (30637 rows, 30637 verses loaded)
Sorting verses from rahlfs_versification.csv...
Finished sorting 30637 verses
Loaded 30637 verses from Rahlfs versification
Opening versification file: swete_versification.csv
Successfully opened swete_versification.csv
Finished reading swete_versification.csv (30533 rows, 30533 verses loaded)
Sorting verses from swete_versification.csv...
Finished sorting 30533 verses
Loaded 30533 verses from Swete versification
Processing Bible file...
Opening Bible file for reading: Brenton.tex
Successfully opened Brenton.tex
Found book: ΓΕΝΕΣΙΣ
  Checked 100 words, found 62 potential typos so far... (Current: ΓΕΝΕΣΙΣ 36:17)
Found book: ΕΞΟΔΟΣ
Found book: ΛΕΥΙΤΙΚΟΝ
Found book: ΑΡΙΘΜΟΙ
  Checked 200 words, found 126 potential typos so far... (Current: ΑΡΙΘΜΟΙ 17:14)
Found book: ΔΕΥΤΕΡΟΝΟΜΙΟΝ
  Checked 300 words, found 198 potential typos so far... (Current: ΔΕΥΤΕΡΟΝΟΜΙΟΝ 12:17)
Found book: ΙΗΣΟΥΣ ΝΑΥΗ
  Checked 400 words, found 260 potential typos so far... (Current: ΙΗΣΟΥΣ ΝΑΥΗ 12:5)
  Checked 500 words, found 330 potential typos so far... (Current: ΙΗΣΟΥΣ ΝΑΥΗ 24:33)
Found book: ΚΡΙΤΑΙ
Found book: ΡΟΥΘ
Found book: ΒΑΣΙΛΕΙΩΝ Α
  Checked 600 words, found 383 potential typos so far... (Current: ΒΑΣΙΛΕΙΩΝ Α 14:47)
Found book: ΒΑΣΙΛΕΙΩΝ Β
  Checked 700 words, found 454 potential typos so far... (Current: ΒΑΣΙΛΕΙΩΝ Β 19:22)
Found book: ΒΑΣΙΛΕΙΩΝ Γ
  Checked 800 words, found 524 potential typos so far... (Current: ΒΑΣΙΛΕΙΩΝ Γ 13:11)
Found book: ΒΑΣΙΛΕΙΩΝ Δ
  Checked 900 words, found 597 potential typos so far... (Current: ΒΑΣΙΛΕΙΩΝ Δ 19:2)
Found book: ΠΑΡΑΛΕΙΠΟΜΕΝΩΝ Α
  Checked 1000 words, found 678 potential typos so far... (Current: ΠΑΡΑΛΕΙΠΟΜΕΝΩΝ Α 3:22)
  Checked 1100 words, found 762 potential typos so far... (Current: ΠΑΡΑΛΕΙΠΟΜΕΝΩΝ Α 8:4)
  Checked 1200 words, found 839 potential typos so far... (Current: ΠΑΡΑΛΕΙΠΟΜΕΝΩΝ Α 14:7)
  Checked 1300 words, found 919 potential typos so far... (Current: ΠΑΡΑΛΕΙΠΟΜΕΝΩΝ Α 25:21)
Found book: ΠΑΡΑΛΕΙΠΟΜΕΝΩΝ Β
  Checked 1400 words, found 996 potential typos so far... (Current: ΠΑΡΑΛΕΙΠΟΜΕΝΩΝ Β 23:18)
Found book: ΕΣΔΡΑΣ
  Checked 1500 words, found 1057 potential typos so far... (Current: ΕΣΔΡΑΣ 2:37)
  Checked 1600 words, found 1137 potential typos so far... (Current: ΕΣΔΡΑΣ 10:37)
Found book: ΝΕΕΜΙΑΣ
  Checked 1700 words, found 1197 potential typos so far... (Current: ΝΕΕΜΙΑΣ 7:54)
Found book: ΕΣΘΗΡ
  Checked 1800 words, found 1267 potential typos so far... (Current: ΕΣΘΗΡ 4:9)
Found book: ΙΩΒ
Found book: ΨΑΛΜΟΙ
  Checked 1900 words, found 1333 potential typos so far... (Current: ΨΑΛΜΟΙ 32:5)
Found book: ΠΑΡΟΙΜΙΑΙ ΣΑΛΩΜΩΝΤΟΣ
  Checked 2000 words, found 1392 potential typos so far... (Current: ΠΑΡΟΙΜΙΑΙ ΣΑΛΩΜΩΝΤΟΣ 2:4)
Found book: ΕΚΚΛΗΣΙΑΣΤΗΣ
Found book: ΑΣΜΑ
Found book: ΗΣΑΙΑΣ
  Checked 2100 words, found 1453 potential typos so far... (Current: ΗΣΑΙΑΣ 24:6)
Found book: ΙΕΡΕΜΙΑΣ
  Checked 2200 words, found 1487 potential typos so far... (Current: ΙΕΡΕΜΙΑΣ 10:21)
  Checked 2300 words, found 1518 potential typos so far... (Current: ΙΕΡΕΜΙΑΣ 40:7)
Found book: ΘΡΗΝΟΙ ΙΕΡΕΜΙΟΥ
Found book: ΙΕΖΕΚΙΗΛ
  Checked 2400 words, found 1562 potential typos so far... (Current: ΙΕΖΕΚΙΗΛ 20:27)
  Checked 2500 words, found 1600 potential typos so far... (Current: ΙΕΖΕΚΙΗΛ 43:17)
Found book: ΔΑΝΙΗΛ
Found book: ΩΣΗΕ
Found book: ΙΩΗΛ
Found book: ΑΜΩΣ
Found book: ΟΒΔΕΙΟΥ
Found book: ΙΩΝΑΣ
Found book: ΜΙΧΑΙΑΣ
  Checked 2600 words, found 1652 potential typos so far... (Current: ΜΙΧΑΙΑΣ 3:12)
Found book: ΝΑΟΥΜ
Found book: ΑΜΒΑΚΟΥΜ
Found book: ΣΟΦΟΝΙΑΣ
Found book: ΑΓΓΑΙΟΣ
Found book: ΖΑΧΑΡΙΑΣ
Found book: ΜΑΛΑΧΙΑΣ
Found book: ΕΣΔΡΑΣ Α
  Checked 2700 words, found 1703 potential typos so far... (Current: ΕΣΔΡΑΣ Α 5:22)
  Checked 2800 words, found 1768 potential typos so far... (Current: ΕΣΔΡΑΣ Α 9:34)
Found book: ΤΩΒΙΤ
Found book: ΙΟΥΔΙΘ
Found book: ΣΟΦΙΑ ΣΑΛΩΜΩΝ
  Checked 2900 words, found 1833 potential typos so far... (Current: ΣΟΦΙΑ ΣΑΛΩΜΩΝ 15:12)
Found book: ΣΟΦΙΑ ΣΕΙΡΑΧ
Found book: ΒΑΡΟΥΧ
Found book: ΕΠΙΣΤΟΛΗ ΙΕΡΕΜΙΟΥ
  Checked 3000 words, found 1905 potential typos so far... (Current: ΕΠΙΣΤΟΛΗ ΙΕΡΕΜΙΟΥ 1:27)
Found book: ΣΩΣΑΝΝΑ
Found book: ΒΗΛ ΚΑΙ ΔΡΑΚΩΝ
Found book: ΜΑΚΚΑΒΑΙΩΝ Α
  Checked 3100 words, found 1984 potential typos so far... (Current: ΜΑΚΚΑΒΑΙΩΝ Α 11:39)
Found book: ΜΑΚΚΑΒΑΙΩΝ Β
  Checked 3200 words, found 2062 potential typos so far... (Current: ΜΑΚΚΑΒΑΙΩΝ Β 8:9)
Found book: ΜΑΚΚΑΒΑΙΩΝ Γ
  Checked 3300 words, found 2143 potential typos so far... (Current: ΜΑΚΚΑΒΑΙΩΝ Γ 3:1)
Found book: ΜΑΚΚΑΒΑΙΩΝ Δ
  Checked 3400 words, found 2223 potential typos so far... (Current: ΜΑΚΚΑΒΑΙΩΝ Δ 6:25)
  Checked 3500 words, found 2307 potential typos so far... (Current: ΜΑΚΚΑΒΑΙΩΝ Δ 18:7)
Found book: ΠΡΟΣΕΥΧΗ ΜΑΝΑΣΣΗ ΥΙΟΥ ΕΖΕΚΙΟΥ

Writing results to missing_words.tsv...
Opening file for writing: missing_words.tsv
Successfully opened missing_words.tsv for writing
Finished writing 3513 rows to missing_words.tsv
Writing full typo check results to missing_words_typo_check.tsv...
Opening file for writing: missing_words_typo_check.tsv
Successfully opened missing_words_typo_check.tsv for writing
Finished writing 3513 rows to missing_words_typo_check.tsv
Writing likely typos to missing_words_likely_typos.tsv...
Opening file for writing: missing_words_likely_typos.tsv
Successfully opened missing_words_likely_typos.tsv for writing
Finished writing 1237 rows to missing_words_likely_typos.tsv
Writing legitimate variations to missing_words_legitimate_variations.tsv...
Opening file for writing: missing_words_legitimate_variations.tsv
Successfully opened missing_words_legitimate_variations.tsv for writing
Finished writing 613 rows to missing_words_legitimate_variations.tsv

Complete! Found 3513 missing words.
  - Likely proper names: 1429
  - Likely numbers: 325
  - Legitimate variations: 613
    - Found in verse: 600
    - Found in area (±2 verses): 13
  - Likely typos: 1237
    - Matched within verse: 962
    - Matched within area (±2 verses): 46
    - Matched in broader corpus: 229
Results saved to: missing_words.tsv
Full typo check results saved to: missing_words_typo_check.tsv
Filtered typos saved to: missing_words_likely_typos.tsv
Legitimate variations saved to: missing_words_legitimate_variations.tsv
