Loading word sets...
Loaded 45224 words from Rahlfs
Loaded 46292 words from Swete
Loading word IDs and versification for verse-specific typo checking...
Loaded 623693 word IDs from Rahlfs
Loaded 609522 word IDs from Swete
Loaded 30637 verses from Rahlfs versification
Loaded 30533 verses from Swete versification
Processing Bible file...
Found book: ΓΕΝΕΣΙΣ
Found book: ΕΞΟΔΟΣ
Found book: ΛΕΥΙΤΙΚΟΝ
Found book: ΑΡΙΘΜΟΙ
Found book: ΔΕΥΤΕΡΟΝΟΜΙΟΝ
Found book: ΙΗΣΟΥΣ ΝΑΥΗ
Found book: ΚΡΙΤΑΙ
Found book: ΡΟΥΘ
Found book: ΒΑΣΙΛΕΙΩΝ Α
Found book: ΒΑΣΙΛΕΙΩΝ Β
Found book: ΒΑΣΙΛΕΙΩΝ Γ
Found book: ΒΑΣΙΛΕΙΩΝ Δ
Found book: ΠΑΡΑΛΕΙΠΟΜΕΝΩΝ Α
Found book: ΠΑΡΑΛΕΙΠΟΜΕΝΩΝ Β
Found book: ΕΣΔΡΑΣ
Found book: ΝΕΕΜΙΑΣ
Found book: ΕΣΘΗΡ
Found book: ΙΩΒ
Found book: ΨΑΛΜΟΙ
Found book: ΠΑΡΟΙΜΙΑΙ ΣΑΛΩΜΩΝΤΟΣ
Found book: ΕΚΚΛΗΣΙΑΣΤΗΣ
Found book: ΑΣΜΑ
Found book: ΗΣΑΙΑΣ
Found book: ΙΕΡΕΜΙΑΣ
Found book: ΘΡΗΝΟΙ ΙΕΡΕΜΙΟΥ
Found book: ΙΕΖΕΚΙΗΛ
Found book: ΔΑΝΙΗΛ
Found book: ΩΣΗΕ
Found book: ΙΩΗΛ
Found book: ΑΜΩΣ
Found book: ΟΒΔΕΙΟΥ
Found book: ΙΩΝΑΣ
Found book: ΜΙΧΑΙΑΣ
Found book: ΝΑΟΥΜ
Found book: ΑΜΒΑΚΟΥΜ
Found book: ΣΟΦΟΝΙΑΣ
Found book: ΑΓΓΑΙΟΣ
Found book: ΖΑΧΑΡΙΑΣ
Found book: ΜΑΛΑΧΙΑΣ
Found book: ΕΣΔΡΑΣ Α
Found book: ΤΩΒΙΤ
Found book: ΙΟΥΔΙΘ
Found book: ΣΟΦΙΑ ΣΑΛΩΜΩΝ
Found book: ΣΟΦΙΑ ΣΕΙΡΑΧ
Found book: ΒΑΡΟΥΧ
Found book: ΕΠΙΣΤΟΛΗ ΙΕΡΕΜΙΟΥ
Found book: ΣΩΣΑΝΝΑ
Found book: ΒΗΛ ΚΑΙ ΔΡΑΚΩΝ
Found book: ΜΑΚΚΑΒΑΙΩΝ Α
Found book: ΜΑΚΚΑΒΑΙΩΝ Β
Found book: ΜΑΚΚΑΒΑΙΩΝ Γ
Found book: ΜΑΚΚΑΒΑΙΩΝ Δ
Found book: ΠΡΟΣΕΥΧΗ ΜΑΝΑΣΣΗ ΥΙΟΥ ΕΖΕΚΙΟΥ

Writing results to missing_words.tsv...
Writing full typo check results to missing_words_typo_check.tsv...
Writing likely typos to missing_words_likely_typos.tsv...

Complete! Found 4692 missing words.
  - Likely proper names: 1516
  - Likely numbers: 325
  - Likely typos: 1859
    - Matched within verse: 1473
    - Matched in broader corpus: 386
Results saved to: missing_words.tsv
Full typo check results saved to: missing_words_typo_check.tsv
Filtered typos saved to: missing_words_likely_typos.tsv
